2026-01-26 11:13:04 [[32minfo[39m]: 🔧 Judge0 Service Configuration: {"service":"code-execution","baseUrl":"http://127.0.0.1:2358","maxRetries":3,"pollInterval":500,"pollMaxAttempts":20}
🚀 Starting Test Script: Run & Submit All Questions
🔄 Generative Templates for all questions...
prisma:query SELECT `dsa_multiplayer`.`Question`.`id`, `dsa_multiplayer`.`Question`.`roomId`, `dsa_multiplayer`.`Question`.`title`, `dsa_multiplayer`.`Question`.`description`, `dsa_multiplayer`.`Question`.`sampleInput`, `dsa_multiplayer`.`Question`.`sampleOutput`, `dsa_multiplayer`.`Question`.`points`, `dsa_multiplayer`.`Question`.`difficulty`, `dsa_multiplayer`.`Question`.`timeLimit`, `dsa_multiplayer`.`Question`.`memoryLimit`, `dsa_multiplayer`.`Question`.`createdAt`, `dsa_multiplayer`.`Question`.`functionName`, `dsa_multiplayer`.`Question`.`functionSignature`, `dsa_multiplayer`.`Question`.`inputType`, `dsa_multiplayer`.`Question`.`outputType`, `dsa_multiplayer`.`Question`.`slug`, `dsa_multiplayer`.`Question`.`inputFormats`, `dsa_multiplayer`.`Question`.`outputFormat`, `dsa_multiplayer`.`Question`.`customTypes` FROM `dsa_multiplayer`.`Question` WHERE 1=1
2026-01-26 11:13:04 [[32minfo[39m]: Generating templates for 5 total questions {"service":"code-execution"}
prisma:query SELECT `dsa_multiplayer`.`Question`.`id`, `dsa_multiplayer`.`Question`.`roomId`, `dsa_multiplayer`.`Question`.`title`, `dsa_multiplayer`.`Question`.`description`, `dsa_multiplayer`.`Question`.`sampleInput`, `dsa_multiplayer`.`Question`.`sampleOutput`, `dsa_multiplayer`.`Question`.`points`, `dsa_multiplayer`.`Question`.`difficulty`, `dsa_multiplayer`.`Question`.`timeLimit`, `dsa_multiplayer`.`Question`.`memoryLimit`, `dsa_multiplayer`.`Question`.`createdAt`, `dsa_multiplayer`.`Question`.`functionName`, `dsa_multiplayer`.`Question`.`functionSignature`, `dsa_multiplayer`.`Question`.`inputType`, `dsa_multiplayer`.`Question`.`outputType`, `dsa_multiplayer`.`Question`.`slug`, `dsa_multiplayer`.`Question`.`inputFormats`, `dsa_multiplayer`.`Question`.`outputFormat`, `dsa_multiplayer`.`Question`.`customTypes` FROM `dsa_multiplayer`.`Question` WHERE (`dsa_multiplayer`.`Question`.`id` = ? AND 1=1) LIMIT ? OFFSET ?
2026-01-26 11:13:04 [[32minfo[39m]: Generating templates for question: Two Sum {"service":"code-execution"}
2026-01-26 11:13:04 [[32minfo[39m]: ✓ Generated cpp template {"service":"code-execution"}
2026-01-26 11:13:04 [[32minfo[39m]: ✓ Generated python template {"service":"code-execution"}
2026-01-26 11:13:04 [[32minfo[39m]: ✓ Generated javascript template {"service":"code-execution"}
2026-01-26 11:13:04 [[32minfo[39m]: ✓ Generated java template {"service":"code-execution"}
prisma:query DELETE FROM `dsa_multiplayer`.`QuestionTemplate` WHERE `dsa_multiplayer`.`QuestionTemplate`.`questionId` = ?
prisma:query BEGIN
prisma:query INSERT INTO `dsa_multiplayer`.`QuestionTemplate` (`id`,`questionId`,`language`,`headerCode`,`createdAt`,`updatedAt`,`boilerplate`,`diagram`,`mainFunction`,`userFunction`,`definition`) VALUES (?,?,?,?,?,?,?,?,?,?,?), (?,?,?,?,?,?,?,?,?,?,?), (?,?,?,?,?,?,?,?,?,?,?), (?,?,?,?,?,?,?,?,?,?,?)
prisma:query COMMIT
2026-01-26 11:13:04 [[32minfo[39m]: ✅ Successfully generated and saved [object Object],[object Object],[object Object],[object Object] templates for Two Sum {"service":"code-execution"}
prisma:query SELECT `dsa_multiplayer`.`Question`.`id`, `dsa_multiplayer`.`Question`.`roomId`, `dsa_multiplayer`.`Question`.`title`, `dsa_multiplayer`.`Question`.`description`, `dsa_multiplayer`.`Question`.`sampleInput`, `dsa_multiplayer`.`Question`.`sampleOutput`, `dsa_multiplayer`.`Question`.`points`, `dsa_multiplayer`.`Question`.`difficulty`, `dsa_multiplayer`.`Question`.`timeLimit`, `dsa_multiplayer`.`Question`.`memoryLimit`, `dsa_multiplayer`.`Question`.`createdAt`, `dsa_multiplayer`.`Question`.`functionName`, `dsa_multiplayer`.`Question`.`functionSignature`, `dsa_multiplayer`.`Question`.`inputType`, `dsa_multiplayer`.`Question`.`outputType`, `dsa_multiplayer`.`Question`.`slug`, `dsa_multiplayer`.`Question`.`inputFormats`, `dsa_multiplayer`.`Question`.`outputFormat`, `dsa_multiplayer`.`Question`.`customTypes` FROM `dsa_multiplayer`.`Question` WHERE (`dsa_multiplayer`.`Question`.`id` = ? AND 1=1) LIMIT ? OFFSET ?
2026-01-26 11:13:04 [[32minfo[39m]: Generating templates for question: Reverse Linked List {"service":"code-execution"}
2026-01-26 11:13:04 [[32minfo[39m]: ✓ Generated cpp template {"service":"code-execution"}
2026-01-26 11:13:04 [[32minfo[39m]: ✓ Generated python template {"service":"code-execution"}
2026-01-26 11:13:04 [[32minfo[39m]: ✓ Generated javascript template {"service":"code-execution"}
2026-01-26 11:13:04 [[32minfo[39m]: ✓ Generated java template {"service":"code-execution"}
prisma:query DELETE FROM `dsa_multiplayer`.`QuestionTemplate` WHERE `dsa_multiplayer`.`QuestionTemplate`.`questionId` = ?
prisma:query BEGIN
prisma:query INSERT INTO `dsa_multiplayer`.`QuestionTemplate` (`id`,`questionId`,`language`,`headerCode`,`createdAt`,`updatedAt`,`boilerplate`,`diagram`,`mainFunction`,`userFunction`,`definition`) VALUES (?,?,?,?,?,?,?,?,?,?,?), (?,?,?,?,?,?,?,?,?,?,?), (?,?,?,?,?,?,?,?,?,?,?), (?,?,?,?,?,?,?,?,?,?,?)
prisma:query COMMIT
2026-01-26 11:13:04 [[32minfo[39m]: ✅ Successfully generated and saved [object Object],[object Object],[object Object],[object Object] templates for Reverse Linked List {"service":"code-execution"}
prisma:query SELECT `dsa_multiplayer`.`Question`.`id`, `dsa_multiplayer`.`Question`.`roomId`, `dsa_multiplayer`.`Question`.`title`, `dsa_multiplayer`.`Question`.`description`, `dsa_multiplayer`.`Question`.`sampleInput`, `dsa_multiplayer`.`Question`.`sampleOutput`, `dsa_multiplayer`.`Question`.`points`, `dsa_multiplayer`.`Question`.`difficulty`, `dsa_multiplayer`.`Question`.`timeLimit`, `dsa_multiplayer`.`Question`.`memoryLimit`, `dsa_multiplayer`.`Question`.`createdAt`, `dsa_multiplayer`.`Question`.`functionName`, `dsa_multiplayer`.`Question`.`functionSignature`, `dsa_multiplayer`.`Question`.`inputType`, `dsa_multiplayer`.`Question`.`outputType`, `dsa_multiplayer`.`Question`.`slug`, `dsa_multiplayer`.`Question`.`inputFormats`, `dsa_multiplayer`.`Question`.`outputFormat`, `dsa_multiplayer`.`Question`.`customTypes` FROM `dsa_multiplayer`.`Question` WHERE (`dsa_multiplayer`.`Question`.`id` = ? AND 1=1) LIMIT ? OFFSET ?
2026-01-26 11:13:04 [[32minfo[39m]: Generating templates for question: Search a 2D Matrix {"service":"code-execution"}
2026-01-26 11:13:04 [[32minfo[39m]: ✓ Generated cpp template {"service":"code-execution"}
2026-01-26 11:13:04 [[32minfo[39m]: ✓ Generated python template {"service":"code-execution"}
2026-01-26 11:13:04 [[32minfo[39m]: ✓ Generated javascript template {"service":"code-execution"}
2026-01-26 11:13:04 [[32minfo[39m]: ✓ Generated java template {"service":"code-execution"}
prisma:query DELETE FROM `dsa_multiplayer`.`QuestionTemplate` WHERE `dsa_multiplayer`.`QuestionTemplate`.`questionId` = ?
prisma:query BEGIN
prisma:query INSERT INTO `dsa_multiplayer`.`QuestionTemplate` (`id`,`questionId`,`language`,`headerCode`,`createdAt`,`updatedAt`,`boilerplate`,`diagram`,`mainFunction`,`userFunction`,`definition`) VALUES (?,?,?,?,?,?,?,?,?,?,?), (?,?,?,?,?,?,?,?,?,?,?), (?,?,?,?,?,?,?,?,?,?,?), (?,?,?,?,?,?,?,?,?,?,?)
prisma:query COMMIT
2026-01-26 11:13:04 [[32minfo[39m]: ✅ Successfully generated and saved [object Object],[object Object],[object Object],[object Object] templates for Search a 2D Matrix {"service":"code-execution"}
prisma:query SELECT `dsa_multiplayer`.`Question`.`id`, `dsa_multiplayer`.`Question`.`roomId`, `dsa_multiplayer`.`Question`.`title`, `dsa_multiplayer`.`Question`.`description`, `dsa_multiplayer`.`Question`.`sampleInput`, `dsa_multiplayer`.`Question`.`sampleOutput`, `dsa_multiplayer`.`Question`.`points`, `dsa_multiplayer`.`Question`.`difficulty`, `dsa_multiplayer`.`Question`.`timeLimit`, `dsa_multiplayer`.`Question`.`memoryLimit`, `dsa_multiplayer`.`Question`.`createdAt`, `dsa_multiplayer`.`Question`.`functionName`, `dsa_multiplayer`.`Question`.`functionSignature`, `dsa_multiplayer`.`Question`.`inputType`, `dsa_multiplayer`.`Question`.`outputType`, `dsa_multiplayer`.`Question`.`slug`, `dsa_multiplayer`.`Question`.`inputFormats`, `dsa_multiplayer`.`Question`.`outputFormat`, `dsa_multiplayer`.`Question`.`customTypes` FROM `dsa_multiplayer`.`Question` WHERE (`dsa_multiplayer`.`Question`.`id` = ? AND 1=1) LIMIT ? OFFSET ?
2026-01-26 11:13:04 [[32minfo[39m]: Generating templates for question: Valid Parentheses {"service":"code-execution"}
2026-01-26 11:13:04 [[32minfo[39m]: ✓ Generated cpp template {"service":"code-execution"}
2026-01-26 11:13:04 [[32minfo[39m]: ✓ Generated python template {"service":"code-execution"}
2026-01-26 11:13:04 [[32minfo[39m]: ✓ Generated javascript template {"service":"code-execution"}
2026-01-26 11:13:04 [[32minfo[39m]: ✓ Generated java template {"service":"code-execution"}
prisma:query DELETE FROM `dsa_multiplayer`.`QuestionTemplate` WHERE `dsa_multiplayer`.`QuestionTemplate`.`questionId` = ?
prisma:query BEGIN
prisma:query INSERT INTO `dsa_multiplayer`.`QuestionTemplate` (`id`,`questionId`,`language`,`headerCode`,`createdAt`,`updatedAt`,`boilerplate`,`diagram`,`mainFunction`,`userFunction`,`definition`) VALUES (?,?,?,?,?,?,?,?,?,?,?), (?,?,?,?,?,?,?,?,?,?,?), (?,?,?,?,?,?,?,?,?,?,?), (?,?,?,?,?,?,?,?,?,?,?)
prisma:query COMMIT
2026-01-26 11:13:04 [[32minfo[39m]: ✅ Successfully generated and saved [object Object],[object Object],[object Object],[object Object] templates for Valid Parentheses {"service":"code-execution"}
prisma:query SELECT `dsa_multiplayer`.`Question`.`id`, `dsa_multiplayer`.`Question`.`roomId`, `dsa_multiplayer`.`Question`.`title`, `dsa_multiplayer`.`Question`.`description`, `dsa_multiplayer`.`Question`.`sampleInput`, `dsa_multiplayer`.`Question`.`sampleOutput`, `dsa_multiplayer`.`Question`.`points`, `dsa_multiplayer`.`Question`.`difficulty`, `dsa_multiplayer`.`Question`.`timeLimit`, `dsa_multiplayer`.`Question`.`memoryLimit`, `dsa_multiplayer`.`Question`.`createdAt`, `dsa_multiplayer`.`Question`.`functionName`, `dsa_multiplayer`.`Question`.`functionSignature`, `dsa_multiplayer`.`Question`.`inputType`, `dsa_multiplayer`.`Question`.`outputType`, `dsa_multiplayer`.`Question`.`slug`, `dsa_multiplayer`.`Question`.`inputFormats`, `dsa_multiplayer`.`Question`.`outputFormat`, `dsa_multiplayer`.`Question`.`customTypes` FROM `dsa_multiplayer`.`Question` WHERE (`dsa_multiplayer`.`Question`.`id` = ? AND 1=1) LIMIT ? OFFSET ?
2026-01-26 11:13:04 [[32minfo[39m]: Generating templates for question: Maximum Depth of Binary Tree {"service":"code-execution"}
2026-01-26 11:13:04 [[32minfo[39m]: ✓ Generated cpp template {"service":"code-execution"}
2026-01-26 11:13:04 [[32minfo[39m]: ✓ Generated python template {"service":"code-execution"}
2026-01-26 11:13:04 [[32minfo[39m]: ✓ Generated javascript template {"service":"code-execution"}
2026-01-26 11:13:04 [[32minfo[39m]: ✓ Generated java template {"service":"code-execution"}
prisma:query DELETE FROM `dsa_multiplayer`.`QuestionTemplate` WHERE `dsa_multiplayer`.`QuestionTemplate`.`questionId` = ?
prisma:query BEGIN
prisma:query INSERT INTO `dsa_multiplayer`.`QuestionTemplate` (`id`,`questionId`,`language`,`headerCode`,`createdAt`,`updatedAt`,`boilerplate`,`diagram`,`mainFunction`,`userFunction`,`definition`) VALUES (?,?,?,?,?,?,?,?,?,?,?), (?,?,?,?,?,?,?,?,?,?,?), (?,?,?,?,?,?,?,?,?,?,?), (?,?,?,?,?,?,?,?,?,?,?)
prisma:query COMMIT
2026-01-26 11:13:04 [[32minfo[39m]: ✅ Successfully generated and saved [object Object],[object Object],[object Object],[object Object] templates for Maximum Depth of Binary Tree {"service":"code-execution"}
2026-01-26 11:13:04 [[32minfo[39m]: ✅ Template generation complete: 5/5 succeeded, 0 failed {"service":"code-execution"}
✅ Templates generated successfully.
👤 Upserting Test User with ID: TEST_USER_ID
✅ Test User ready.
📚 Fetching all questions...
✅ Found 5 questions.

--------------------------------------------------
Testing Question: Two Sum (ID: 0f8905fc-6b4e-45ab-8445-118a7685d2ac)
▶️ Running Code (Run Function)...
0f8905fc-6b4e-45ab-8445-118a7685d2ac
function twoSum(nums, target) {
    // TODO: Implement your solution here
    return [];
}
javascript
prisma:query SELECT `dsa_multiplayer`.`Question`.`id`, `dsa_multiplayer`.`Question`.`roomId`, `dsa_multiplayer`.`Question`.`title`, `dsa_multiplayer`.`Question`.`description`, `dsa_multiplayer`.`Question`.`sampleInput`, `dsa_multiplayer`.`Question`.`sampleOutput`, `dsa_multiplayer`.`Question`.`points`, `dsa_multiplayer`.`Question`.`difficulty`, `dsa_multiplayer`.`Question`.`timeLimit`, `dsa_multiplayer`.`Question`.`memoryLimit`, `dsa_multiplayer`.`Question`.`createdAt`, `dsa_multiplayer`.`Question`.`functionName`, `dsa_multiplayer`.`Question`.`functionSignature`, `dsa_multiplayer`.`Question`.`inputType`, `dsa_multiplayer`.`Question`.`outputType`, `dsa_multiplayer`.`Question`.`slug`, `dsa_multiplayer`.`Question`.`inputFormats`, `dsa_multiplayer`.`Question`.`outputFormat`, `dsa_multiplayer`.`Question`.`customTypes` FROM `dsa_multiplayer`.`Question` WHERE (`dsa_multiplayer`.`Question`.`id` = ? AND 1=1) LIMIT ? OFFSET ?
prisma:query SELECT `dsa_multiplayer`.`TestCase`.`id`, `dsa_multiplayer`.`TestCase`.`questionId`, `dsa_multiplayer`.`TestCase`.`input`, `dsa_multiplayer`.`TestCase`.`output`, `dsa_multiplayer`.`TestCase`.`explanation`, `dsa_multiplayer`.`TestCase`.`isHidden`, `dsa_multiplayer`.`TestCase`.`isSample`, `dsa_multiplayer`.`TestCase`.`category`, `dsa_multiplayer`.`TestCase`.`memoryLimit`, `dsa_multiplayer`.`TestCase`.`order`, `dsa_multiplayer`.`TestCase`.`points`, `dsa_multiplayer`.`TestCase`.`timeLimit` FROM `dsa_multiplayer`.`TestCase` WHERE (`dsa_multiplayer`.`TestCase`.`isSample` = ? AND `dsa_multiplayer`.`TestCase`.`questionId` IN (?)) ORDER BY `dsa_multiplayer`.`TestCase`.`order` ASC
{
  id: '0f8905fc-6b4e-45ab-8445-118a7685d2ac',
  roomId: 'f3a1c123-554d-4fdc-a60d-83b862f274af',
  title: 'Two Sum',
  description: 'Given an array of integers nums and an integer target, return indices of the two numbers such that they add up to target.\n' +
    '\n' +
    'You may assume that each input would have exactly one solution, and you may not use the same element twice.\n' +
    '\n' +
    '**Example:**\n' +
    'Input: nums = [2,7,11,15], target = 9\n' +
    'Output: [0,1]\n' +
    '\n' +
    '**Constraints:**\n' +
    '- 2 <= nums.length <= 10^4\n' +
    '- -10^9 <= nums[i] <= 10^9',
  sampleInput: '[2,7,11,15]\n9',
  sampleOutput: '[0,1]',
  points: 100,
  difficulty: 'EASY',
  timeLimit: 2000,
  memoryLimit: 256,
  createdAt: 2026-01-25T17:31:12.857Z,
  functionName: 'twoSum',
  functionSignature: '{"returnType":"vector<int>","params":[{"type":"vector<int>&","name":"nums"},{"type":"int","name":"target"}]}',
  inputType: '["array<int>", "int"]',
  outputType: '"array<int>"',
  slug: null,
  inputFormats: [
    {
      baseType: 'array',
      paramName: 'nums',
      paramIndex: 0,
      elementType: 'int',
      parseStrategy: 'json_array',
      inputFormatExample: '[2,7,11,15]'
    },
    {
      baseType: 'primitive',
      paramName: 'target',
      paramIndex: 1,
      elementType: 'int',
      parseStrategy: 'primitive',
      inputFormatExample: '9'
    }
  ],
  outputFormat: {
    baseType: 'array',
    elementType: 'int',
    serializeStrategy: 'json_array',
    outputFormatExample: '[0,1]'
  },
  customTypes: null,
  testCases: [
    {
      id: '55514c82-8f3c-4d2e-9b42-e38239cce168',
      questionId: '0f8905fc-6b4e-45ab-8445-118a7685d2ac',
      input: '[2,7,11,15]\n9',
      output: '[0,1]',
      explanation: 'Because nums[0] + nums[1] == 9, we return [0, 1].',
      isHidden: false,
      isSample: true,
      category: 'BASIC',
      memoryLimit: 256,
      order: 0,
      points: 11,
      timeLimit: 2000
    },
    {
      id: '5a2ed394-9392-4010-bd3b-a1eab9b088f7',
      questionId: '0f8905fc-6b4e-45ab-8445-118a7685d2ac',
      input: '[3,2,4]\n6',
      output: '[1,2]',
      explanation: 'nums[1] + nums[2] == 6.',
      isHidden: false,
      isSample: true,
      category: 'BASIC',
      memoryLimit: 256,
      order: 1,
      points: 11,
      timeLimit: 2000
    },
    {
      id: 'dab821ac-e7d8-4615-afde-aecd78a0d9d2',
      questionId: '0f8905fc-6b4e-45ab-8445-118a7685d2ac',
      input: '[3,3]\n6',
      output: '[0,1]',
      explanation: null,
      isHidden: false,
      isSample: true,
      category: 'BASIC',
      memoryLimit: 256,
      order: 2,
      points: 11,
      timeLimit: 2000
    }
  ]
}
prisma:query SELECT `dsa_multiplayer`.`QuestionTemplate`.`id`, `dsa_multiplayer`.`QuestionTemplate`.`questionId`, `dsa_multiplayer`.`QuestionTemplate`.`language`, `dsa_multiplayer`.`QuestionTemplate`.`headerCode`, `dsa_multiplayer`.`QuestionTemplate`.`createdAt`, `dsa_multiplayer`.`QuestionTemplate`.`updatedAt`, `dsa_multiplayer`.`QuestionTemplate`.`boilerplate`, `dsa_multiplayer`.`QuestionTemplate`.`diagram`, `dsa_multiplayer`.`QuestionTemplate`.`mainFunction`, `dsa_multiplayer`.`QuestionTemplate`.`userFunction`, `dsa_multiplayer`.`QuestionTemplate`.`definition` FROM `dsa_multiplayer`.`QuestionTemplate` WHERE ((`dsa_multiplayer`.`QuestionTemplate`.`questionId` = ? AND `dsa_multiplayer`.`QuestionTemplate`.`language` = ?) AND 1=1) LIMIT ? OFFSET ?
2026-01-26 11:13:04 [[32minfo[39m]: Generated executable code for question 0f8905fc-6b4e-45ab-8445-118a7685d2ac, language javascript {"service":"code-execution"}
=== GENERATED CODE (first 500 chars) ===
const fs = require('fs');
const input = fs.readFileSync(0, 'utf8').trim().split('\n');
let lineIndex = 0;

function readLine() {
    return lineIndex < input.length ? input[lineIndex++] : "";
}

function readInt() {
    return parseInt(readLine());
}

function readIntArray(n) {
    return readLine().split(' ').map(Number);
}

function readMatrix(rows, cols) {
    const matrix = [];
    for (let i = 0; i < rows; i++) {
        matrix.push(readLine().split(' ').map(Number));
    }
    return matri
=== CODE LINES 148-156 ===
148:     }
149: }
150: 
151: class TreeNode {
152:     constructor(val = 0, left = null, right = null) {
153:         this.val = val;
154:         this.left = left;
155:         this.right = right;
156:     }
=== END DEBUG ===
2026-01-26 11:13:04 [[32minfo[39m] [736bdedd-b16a-4638-be52-cb5d91325bc2]: Running test cases {"service":"code-execution","language":"javascript","totalTestCases":3}
🔍 DEBUG: Executing test case with language: javascript
2026-01-26 11:13:04 [[32minfo[39m]: Submitting code to Judge0 {"service":"code-execution","languageId":63}
2026-01-26 11:13:04 [[32minfo[39m]: Polling submission 92a6be19-099c-4834-8eb6-be8808370eb9 {"service":"code-execution"}
2026-01-26 11:13:05 [[32minfo[39m]: Submission 92a6be19-099c-4834-8eb6-be8808370eb9 completed {"service":"code-execution","verdict":"WRONG_ANSWER"}
🔍 DEBUG: Executing test case with language: javascript
2026-01-26 11:13:05 [[32minfo[39m]: Submitting code to Judge0 {"service":"code-execution","languageId":63}
2026-01-26 11:13:05 [[32minfo[39m]: Polling submission a6be86a3-71c3-4f29-89f7-a52438eb7beb {"service":"code-execution"}
2026-01-26 11:13:06 [[32minfo[39m]: Submission a6be86a3-71c3-4f29-89f7-a52438eb7beb completed {"service":"code-execution","verdict":"WRONG_ANSWER"}
🔍 DEBUG: Executing test case with language: javascript
2026-01-26 11:13:06 [[32minfo[39m]: Submitting code to Judge0 {"service":"code-execution","languageId":63}
2026-01-26 11:13:06 [[32minfo[39m]: Polling submission 30bff6a3-a856-4664-acaa-44e58499251b {"service":"code-execution"}
2026-01-26 11:13:07 [[32minfo[39m]: Submission 30bff6a3-a856-4664-acaa-44e58499251b completed {"service":"code-execution","verdict":"WRONG_ANSWER"}
2026-01-26 11:13:07 [[32minfo[39m] [736bdedd-b16a-4638-be52-cb5d91325bc2]: Test cases completed {"service":"code-execution","testsPassed":0,"totalTests":3,"allPassed":false}
✅ Run Verified: OK
▶️ Submitting Code (Submit Function)...
prisma:query SELECT `dsa_multiplayer`.`Question`.`id`, `dsa_multiplayer`.`Question`.`roomId`, `dsa_multiplayer`.`Question`.`title`, `dsa_multiplayer`.`Question`.`description`, `dsa_multiplayer`.`Question`.`sampleInput`, `dsa_multiplayer`.`Question`.`sampleOutput`, `dsa_multiplayer`.`Question`.`points`, `dsa_multiplayer`.`Question`.`difficulty`, `dsa_multiplayer`.`Question`.`timeLimit`, `dsa_multiplayer`.`Question`.`memoryLimit`, `dsa_multiplayer`.`Question`.`createdAt`, `dsa_multiplayer`.`Question`.`functionName`, `dsa_multiplayer`.`Question`.`functionSignature`, `dsa_multiplayer`.`Question`.`inputType`, `dsa_multiplayer`.`Question`.`outputType`, `dsa_multiplayer`.`Question`.`slug`, `dsa_multiplayer`.`Question`.`inputFormats`, `dsa_multiplayer`.`Question`.`outputFormat`, `dsa_multiplayer`.`Question`.`customTypes` FROM `dsa_multiplayer`.`Question` WHERE (`dsa_multiplayer`.`Question`.`id` = ? AND 1=1) LIMIT ? OFFSET ?
prisma:query SELECT `dsa_multiplayer`.`TestCase`.`id`, `dsa_multiplayer`.`TestCase`.`questionId`, `dsa_multiplayer`.`TestCase`.`input`, `dsa_multiplayer`.`TestCase`.`output`, `dsa_multiplayer`.`TestCase`.`explanation`, `dsa_multiplayer`.`TestCase`.`isHidden`, `dsa_multiplayer`.`TestCase`.`isSample`, `dsa_multiplayer`.`TestCase`.`category`, `dsa_multiplayer`.`TestCase`.`memoryLimit`, `dsa_multiplayer`.`TestCase`.`order`, `dsa_multiplayer`.`TestCase`.`points`, `dsa_multiplayer`.`TestCase`.`timeLimit` FROM `dsa_multiplayer`.`TestCase` WHERE `dsa_multiplayer`.`TestCase`.`questionId` IN (?) ORDER BY `dsa_multiplayer`.`TestCase`.`order` ASC
prisma:query SELECT `dsa_multiplayer`.`QuestionTemplate`.`id`, `dsa_multiplayer`.`QuestionTemplate`.`questionId`, `dsa_multiplayer`.`QuestionTemplate`.`language`, `dsa_multiplayer`.`QuestionTemplate`.`headerCode`, `dsa_multiplayer`.`QuestionTemplate`.`createdAt`, `dsa_multiplayer`.`QuestionTemplate`.`updatedAt`, `dsa_multiplayer`.`QuestionTemplate`.`boilerplate`, `dsa_multiplayer`.`QuestionTemplate`.`diagram`, `dsa_multiplayer`.`QuestionTemplate`.`mainFunction`, `dsa_multiplayer`.`QuestionTemplate`.`userFunction`, `dsa_multiplayer`.`QuestionTemplate`.`definition` FROM `dsa_multiplayer`.`QuestionTemplate` WHERE ((`dsa_multiplayer`.`QuestionTemplate`.`questionId` = ? AND `dsa_multiplayer`.`QuestionTemplate`.`language` = ?) AND 1=1) LIMIT ? OFFSET ?
2026-01-26 11:13:07 [[32minfo[39m]: Generated executable code for question 0f8905fc-6b4e-45ab-8445-118a7685d2ac, language javascript {"service":"code-execution"}
2026-01-26 11:13:07 [[32minfo[39m] [e4b109df-ca08-48d9-95b5-14efcacaed3e]: Running test cases {"service":"code-execution","language":"javascript","totalTestCases":9}
🔍 DEBUG: Executing test case with language: javascript
2026-01-26 11:13:07 [[32minfo[39m]: Submitting code to Judge0 {"service":"code-execution","languageId":63}
2026-01-26 11:13:07 [[32minfo[39m]: Polling submission 1b52e125-2cad-4e30-b4a1-92012f329d9f {"service":"code-execution"}
2026-01-26 11:13:08 [[32minfo[39m]: Submission 1b52e125-2cad-4e30-b4a1-92012f329d9f completed {"service":"code-execution","verdict":"WRONG_ANSWER"}
🔍 DEBUG: Executing test case with language: javascript
2026-01-26 11:13:08 [[32minfo[39m]: Submitting code to Judge0 {"service":"code-execution","languageId":63}
2026-01-26 11:13:08 [[32minfo[39m]: Polling submission 6d802abd-f5ba-44fe-87f0-c4945ed13097 {"service":"code-execution"}
2026-01-26 11:13:09 [[32minfo[39m]: Submission 6d802abd-f5ba-44fe-87f0-c4945ed13097 completed {"service":"code-execution","verdict":"WRONG_ANSWER"}
🔍 DEBUG: Executing test case with language: javascript
2026-01-26 11:13:09 [[32minfo[39m]: Submitting code to Judge0 {"service":"code-execution","languageId":63}
2026-01-26 11:13:09 [[32minfo[39m]: Polling submission e960aa72-bee8-4edc-bd35-4dac8ab37da1 {"service":"code-execution"}
2026-01-26 11:13:10 [[32minfo[39m]: Submission e960aa72-bee8-4edc-bd35-4dac8ab37da1 completed {"service":"code-execution","verdict":"WRONG_ANSWER"}
🔍 DEBUG: Executing test case with language: javascript
2026-01-26 11:13:10 [[32minfo[39m]: Submitting code to Judge0 {"service":"code-execution","languageId":63}
2026-01-26 11:13:10 [[32minfo[39m]: Polling submission 61108b67-8ee6-45c7-b79a-1fe98455ec17 {"service":"code-execution"}
2026-01-26 11:13:11 [[32minfo[39m]: Submission 61108b67-8ee6-45c7-b79a-1fe98455ec17 completed {"service":"code-execution","verdict":"WRONG_ANSWER"}
🔍 DEBUG: Executing test case with language: javascript
2026-01-26 11:13:11 [[32minfo[39m]: Submitting code to Judge0 {"service":"code-execution","languageId":63}
2026-01-26 11:13:11 [[32minfo[39m]: Polling submission 16c9369c-aaec-445f-9f46-458566902eeb {"service":"code-execution"}
2026-01-26 11:13:12 [[32minfo[39m]: Submission 16c9369c-aaec-445f-9f46-458566902eeb completed {"service":"code-execution","verdict":"WRONG_ANSWER"}
🔍 DEBUG: Executing test case with language: javascript
2026-01-26 11:13:12 [[32minfo[39m]: Submitting code to Judge0 {"service":"code-execution","languageId":63}
2026-01-26 11:13:12 [[32minfo[39m]: Polling submission 2539a53a-8f57-4b4e-879b-6bb8d0c4016f {"service":"code-execution"}
2026-01-26 11:13:13 [[32minfo[39m]: Submission 2539a53a-8f57-4b4e-879b-6bb8d0c4016f completed {"service":"code-execution","verdict":"WRONG_ANSWER"}
🔍 DEBUG: Executing test case with language: javascript
2026-01-26 11:13:13 [[32minfo[39m]: Submitting code to Judge0 {"service":"code-execution","languageId":63}
2026-01-26 11:13:13 [[32minfo[39m]: Polling submission 90e5e43d-f2dc-41e6-b813-630e9511b67f {"service":"code-execution"}
2026-01-26 11:13:14 [[32minfo[39m]: Submission 90e5e43d-f2dc-41e6-b813-630e9511b67f completed {"service":"code-execution","verdict":"WRONG_ANSWER"}
🔍 DEBUG: Executing test case with language: javascript
2026-01-26 11:13:14 [[32minfo[39m]: Submitting code to Judge0 {"service":"code-execution","languageId":63}
2026-01-26 11:13:14 [[32minfo[39m]: Polling submission c1625c9f-4a80-42ab-9a8d-7b36899e476c {"service":"code-execution"}
2026-01-26 11:13:15 [[32minfo[39m]: Submission c1625c9f-4a80-42ab-9a8d-7b36899e476c completed {"service":"code-execution","verdict":"WRONG_ANSWER"}
🔍 DEBUG: Executing test case with language: javascript
2026-01-26 11:13:15 [[32minfo[39m]: Submitting code to Judge0 {"service":"code-execution","languageId":63}
2026-01-26 11:13:15 [[32minfo[39m]: Polling submission 168478c0-28fd-4042-9376-7e92338663ca {"service":"code-execution"}
2026-01-26 11:13:16 [[32minfo[39m]: Submission 168478c0-28fd-4042-9376-7e92338663ca completed {"service":"code-execution","verdict":"WRONG_ANSWER"}
2026-01-26 11:13:16 [[32minfo[39m] [e4b109df-ca08-48d9-95b5-14efcacaed3e]: Test cases completed {"service":"code-execution","testsPassed":0,"totalTests":9,"allPassed":false}
prisma:query BEGIN
prisma:query INSERT INTO `dsa_multiplayer`.`Submission` (`id`,`questionId`,`userId`,`teamId`,`code`,`language`,`testsPassed`,`totalTests`,`points`,`executionTime`,`memory`,`submittedAt`,`completedAt`,`mode`,`verdict`) VALUES (?,?,?,?,?,?,?,?,?,?,?,?,?,?,?)
prisma:query SELECT `dsa_multiplayer`.`Submission`.`id`, `dsa_multiplayer`.`Submission`.`questionId`, `dsa_multiplayer`.`Submission`.`userId`, `dsa_multiplayer`.`Submission`.`teamId`, `dsa_multiplayer`.`Submission`.`code`, `dsa_multiplayer`.`Submission`.`language`, `dsa_multiplayer`.`Submission`.`testsPassed`, `dsa_multiplayer`.`Submission`.`totalTests`, `dsa_multiplayer`.`Submission`.`points`, `dsa_multiplayer`.`Submission`.`executionTime`, `dsa_multiplayer`.`Submission`.`memory`, `dsa_multiplayer`.`Submission`.`error`, `dsa_multiplayer`.`Submission`.`submittedAt`, `dsa_multiplayer`.`Submission`.`compileOutput`, `dsa_multiplayer`.`Submission`.`completedAt`, `dsa_multiplayer`.`Submission`.`mode`, `dsa_multiplayer`.`Submission`.`verdict` FROM `dsa_multiplayer`.`Submission` WHERE `dsa_multiplayer`.`Submission`.`id` = ? LIMIT ? OFFSET ?
prisma:query COMMIT
✅ Submit Verified: OK

--------------------------------------------------
Testing Question: Reverse Linked List (ID: 457b28fd-a545-4b3a-949b-b28b15cff5fb)
▶️ Running Code (Run Function)...
457b28fd-a545-4b3a-949b-b28b15cff5fb
function reverseList(head) {
    // TODO: Implement your solution here
    return null;
}
javascript
prisma:query SELECT `dsa_multiplayer`.`Question`.`id`, `dsa_multiplayer`.`Question`.`roomId`, `dsa_multiplayer`.`Question`.`title`, `dsa_multiplayer`.`Question`.`description`, `dsa_multiplayer`.`Question`.`sampleInput`, `dsa_multiplayer`.`Question`.`sampleOutput`, `dsa_multiplayer`.`Question`.`points`, `dsa_multiplayer`.`Question`.`difficulty`, `dsa_multiplayer`.`Question`.`timeLimit`, `dsa_multiplayer`.`Question`.`memoryLimit`, `dsa_multiplayer`.`Question`.`createdAt`, `dsa_multiplayer`.`Question`.`functionName`, `dsa_multiplayer`.`Question`.`functionSignature`, `dsa_multiplayer`.`Question`.`inputType`, `dsa_multiplayer`.`Question`.`outputType`, `dsa_multiplayer`.`Question`.`slug`, `dsa_multiplayer`.`Question`.`inputFormats`, `dsa_multiplayer`.`Question`.`outputFormat`, `dsa_multiplayer`.`Question`.`customTypes` FROM `dsa_multiplayer`.`Question` WHERE (`dsa_multiplayer`.`Question`.`id` = ? AND 1=1) LIMIT ? OFFSET ?
prisma:query SELECT `dsa_multiplayer`.`TestCase`.`id`, `dsa_multiplayer`.`TestCase`.`questionId`, `dsa_multiplayer`.`TestCase`.`input`, `dsa_multiplayer`.`TestCase`.`output`, `dsa_multiplayer`.`TestCase`.`explanation`, `dsa_multiplayer`.`TestCase`.`isHidden`, `dsa_multiplayer`.`TestCase`.`isSample`, `dsa_multiplayer`.`TestCase`.`category`, `dsa_multiplayer`.`TestCase`.`memoryLimit`, `dsa_multiplayer`.`TestCase`.`order`, `dsa_multiplayer`.`TestCase`.`points`, `dsa_multiplayer`.`TestCase`.`timeLimit` FROM `dsa_multiplayer`.`TestCase` WHERE (`dsa_multiplayer`.`TestCase`.`isSample` = ? AND `dsa_multiplayer`.`TestCase`.`questionId` IN (?)) ORDER BY `dsa_multiplayer`.`TestCase`.`order` ASC
{
  id: '457b28fd-a545-4b3a-949b-b28b15cff5fb',
  roomId: 'f3a1c123-554d-4fdc-a60d-83b862f274af',
  title: 'Reverse Linked List',
  description: 'Given the head of a singly linked list, reverse the list, and return the reversed list.\n' +
    '\n' +
    '**Example:**\n' +
    'Input: head = [1,2,3,4,5]\n' +
    'Output: [5,4,3,2,1]\n' +
    '\n' +
    '**Constraints:**\n' +
    '- The number of nodes in the list is the range [0, 5000]\n' +
    '- -5000 <= Node.val <= 5000',
  sampleInput: '[1,2,3,4,5]',
  sampleOutput: '[5,4,3,2,1]',
  points: 100,
  difficulty: 'EASY',
  timeLimit: 2000,
  memoryLimit: 256,
  createdAt: 2026-01-25T17:31:12.879Z,
  functionName: 'reverseList',
  functionSignature: '{"returnType":"ListNode*","params":[{"type":"ListNode*","name":"head"}]}',
  inputType: '["linked_list"]',
  outputType: '"linked_list"',
  slug: null,
  inputFormats: [
    {
      baseType: 'linked_list',
      paramName: 'head',
      paramIndex: 0,
      parseStrategy: 'linked_list_array',
      inputFormatExample: '[1,2,3,4,5]'
    }
  ],
  outputFormat: {
    baseType: 'linked_list',
    serializeStrategy: 'linked_list_array',
    outputFormatExample: '[5,4,3,2,1]'
  },
  customTypes: null,
  testCases: [
    {
      id: '85cf6315-fe4f-45f4-9a96-0fdb2361acaa',
      questionId: '457b28fd-a545-4b3a-949b-b28b15cff5fb',
      input: '[1,2,3,4,5]',
      output: '[5,4,3,2,1]',
      explanation: null,
      isHidden: false,
      isSample: true,
      category: 'BASIC',
      memoryLimit: 256,
      order: 0,
      points: 11,
      timeLimit: 2000
    },
    {
      id: '489386e0-54d0-48e9-8343-5ba89bf59fda',
      questionId: '457b28fd-a545-4b3a-949b-b28b15cff5fb',
      input: '[1,2]',
      output: '[2,1]',
      explanation: null,
      isHidden: false,
      isSample: true,
      category: 'BASIC',
      memoryLimit: 256,
      order: 1,
      points: 11,
      timeLimit: 2000
    },
    {
      id: '8bdf1ace-07e4-4981-81b5-693485c69b2c',
      questionId: '457b28fd-a545-4b3a-949b-b28b15cff5fb',
      input: '[]',
      output: '[]',
      explanation: null,
      isHidden: false,
      isSample: true,
      category: 'BASIC',
      memoryLimit: 256,
      order: 2,
      points: 11,
      timeLimit: 2000
    }
  ]
}
prisma:query SELECT `dsa_multiplayer`.`QuestionTemplate`.`id`, `dsa_multiplayer`.`QuestionTemplate`.`questionId`, `dsa_multiplayer`.`QuestionTemplate`.`language`, `dsa_multiplayer`.`QuestionTemplate`.`headerCode`, `dsa_multiplayer`.`QuestionTemplate`.`createdAt`, `dsa_multiplayer`.`QuestionTemplate`.`updatedAt`, `dsa_multiplayer`.`QuestionTemplate`.`boilerplate`, `dsa_multiplayer`.`QuestionTemplate`.`diagram`, `dsa_multiplayer`.`QuestionTemplate`.`mainFunction`, `dsa_multiplayer`.`QuestionTemplate`.`userFunction`, `dsa_multiplayer`.`QuestionTemplate`.`definition` FROM `dsa_multiplayer`.`QuestionTemplate` WHERE ((`dsa_multiplayer`.`QuestionTemplate`.`questionId` = ? AND `dsa_multiplayer`.`QuestionTemplate`.`language` = ?) AND 1=1) LIMIT ? OFFSET ?
2026-01-26 11:13:16 [[32minfo[39m]: Generated executable code for question 457b28fd-a545-4b3a-949b-b28b15cff5fb, language javascript {"service":"code-execution"}
=== GENERATED CODE (first 500 chars) ===
const fs = require('fs');
const input = fs.readFileSync(0, 'utf8').trim().split('\n');
let lineIndex = 0;

function readLine() {
    return lineIndex < input.length ? input[lineIndex++] : "";
}

function readInt() {
    return parseInt(readLine());
}

function readIntArray(n) {
    return readLine().split(' ').map(Number);
}

function readMatrix(rows, cols) {
    const matrix = [];
    for (let i = 0; i < rows; i++) {
        matrix.push(readLine().split(' ').map(Number));
    }
    return matri
=== CODE LINES 148-156 ===
148:     }
149: }
150: 
151: class TreeNode {
152:     constructor(val = 0, left = null, right = null) {
153:         this.val = val;
154:         this.left = left;
155:         this.right = right;
156:     }
=== END DEBUG ===
2026-01-26 11:13:16 [[32minfo[39m] [18e3486c-e8f6-47d1-922b-090a53ff4fe5]: Running test cases {"service":"code-execution","language":"javascript","totalTestCases":3}
🔍 DEBUG: Executing test case with language: javascript
2026-01-26 11:13:16 [[32minfo[39m]: Submitting code to Judge0 {"service":"code-execution","languageId":63}
2026-01-26 11:13:16 [[32minfo[39m]: Polling submission fbc18237-2352-44d4-b893-4e96bb2b4f7c {"service":"code-execution"}
2026-01-26 11:13:17 [[32minfo[39m]: Submission fbc18237-2352-44d4-b893-4e96bb2b4f7c completed {"service":"code-execution","verdict":"RUNTIME_ERROR"}
🔍 DEBUG: Executing test case with language: javascript
2026-01-26 11:13:17 [[32minfo[39m]: Submitting code to Judge0 {"service":"code-execution","languageId":63}
2026-01-26 11:13:17 [[32minfo[39m]: Polling submission 93fd5ed9-1de2-4720-aeab-40ef5bf062ae {"service":"code-execution"}
2026-01-26 11:13:19 [[32minfo[39m]: Submission 93fd5ed9-1de2-4720-aeab-40ef5bf062ae completed {"service":"code-execution","verdict":"RUNTIME_ERROR"}
🔍 DEBUG: Executing test case with language: javascript
2026-01-26 11:13:19 [[32minfo[39m]: Submitting code to Judge0 {"service":"code-execution","languageId":63}
2026-01-26 11:13:19 [[32minfo[39m]: Polling submission 4ca1be2a-7b90-4bf3-a096-136319be98cd {"service":"code-execution"}
2026-01-26 11:13:20 [[32minfo[39m]: Submission 4ca1be2a-7b90-4bf3-a096-136319be98cd completed {"service":"code-execution","verdict":"RUNTIME_ERROR"}
2026-01-26 11:13:20 [[32minfo[39m] [18e3486c-e8f6-47d1-922b-090a53ff4fe5]: Test cases completed {"service":"code-execution","testsPassed":0,"totalTests":3,"allPassed":false}
✅ Run Verified: OK
▶️ Submitting Code (Submit Function)...
prisma:query SELECT 1
prisma:query SELECT `dsa_multiplayer`.`Question`.`id`, `dsa_multiplayer`.`Question`.`roomId`, `dsa_multiplayer`.`Question`.`title`, `dsa_multiplayer`.`Question`.`description`, `dsa_multiplayer`.`Question`.`sampleInput`, `dsa_multiplayer`.`Question`.`sampleOutput`, `dsa_multiplayer`.`Question`.`points`, `dsa_multiplayer`.`Question`.`difficulty`, `dsa_multiplayer`.`Question`.`timeLimit`, `dsa_multiplayer`.`Question`.`memoryLimit`, `dsa_multiplayer`.`Question`.`createdAt`, `dsa_multiplayer`.`Question`.`functionName`, `dsa_multiplayer`.`Question`.`functionSignature`, `dsa_multiplayer`.`Question`.`inputType`, `dsa_multiplayer`.`Question`.`outputType`, `dsa_multiplayer`.`Question`.`slug`, `dsa_multiplayer`.`Question`.`inputFormats`, `dsa_multiplayer`.`Question`.`outputFormat`, `dsa_multiplayer`.`Question`.`customTypes` FROM `dsa_multiplayer`.`Question` WHERE (`dsa_multiplayer`.`Question`.`id` = ? AND 1=1) LIMIT ? OFFSET ?
prisma:query SELECT `dsa_multiplayer`.`TestCase`.`id`, `dsa_multiplayer`.`TestCase`.`questionId`, `dsa_multiplayer`.`TestCase`.`input`, `dsa_multiplayer`.`TestCase`.`output`, `dsa_multiplayer`.`TestCase`.`explanation`, `dsa_multiplayer`.`TestCase`.`isHidden`, `dsa_multiplayer`.`TestCase`.`isSample`, `dsa_multiplayer`.`TestCase`.`category`, `dsa_multiplayer`.`TestCase`.`memoryLimit`, `dsa_multiplayer`.`TestCase`.`order`, `dsa_multiplayer`.`TestCase`.`points`, `dsa_multiplayer`.`TestCase`.`timeLimit` FROM `dsa_multiplayer`.`TestCase` WHERE `dsa_multiplayer`.`TestCase`.`questionId` IN (?) ORDER BY `dsa_multiplayer`.`TestCase`.`order` ASC
prisma:query SELECT `dsa_multiplayer`.`QuestionTemplate`.`id`, `dsa_multiplayer`.`QuestionTemplate`.`questionId`, `dsa_multiplayer`.`QuestionTemplate`.`language`, `dsa_multiplayer`.`QuestionTemplate`.`headerCode`, `dsa_multiplayer`.`QuestionTemplate`.`createdAt`, `dsa_multiplayer`.`QuestionTemplate`.`updatedAt`, `dsa_multiplayer`.`QuestionTemplate`.`boilerplate`, `dsa_multiplayer`.`QuestionTemplate`.`diagram`, `dsa_multiplayer`.`QuestionTemplate`.`mainFunction`, `dsa_multiplayer`.`QuestionTemplate`.`userFunction`, `dsa_multiplayer`.`QuestionTemplate`.`definition` FROM `dsa_multiplayer`.`QuestionTemplate` WHERE ((`dsa_multiplayer`.`QuestionTemplate`.`questionId` = ? AND `dsa_multiplayer`.`QuestionTemplate`.`language` = ?) AND 1=1) LIMIT ? OFFSET ?
2026-01-26 11:13:20 [[32minfo[39m]: Generated executable code for question 457b28fd-a545-4b3a-949b-b28b15cff5fb, language javascript {"service":"code-execution"}
2026-01-26 11:13:20 [[32minfo[39m] [475adc3c-e78c-4e4e-9342-d3f1452617d2]: Running test cases {"service":"code-execution","language":"javascript","totalTestCases":9}
🔍 DEBUG: Executing test case with language: javascript
2026-01-26 11:13:20 [[32minfo[39m]: Submitting code to Judge0 {"service":"code-execution","languageId":63}
2026-01-26 11:13:20 [[32minfo[39m]: Polling submission 95e334e4-1fbe-4a4d-968f-74432daa06ce {"service":"code-execution"}
2026-01-26 11:13:21 [[32minfo[39m]: Submission 95e334e4-1fbe-4a4d-968f-74432daa06ce completed {"service":"code-execution","verdict":"RUNTIME_ERROR"}
🔍 DEBUG: Executing test case with language: javascript
2026-01-26 11:13:21 [[32minfo[39m]: Submitting code to Judge0 {"service":"code-execution","languageId":63}
2026-01-26 11:13:21 [[32minfo[39m]: Polling submission 01f9bb0e-2328-4ca7-9496-6a6ba65dcb7c {"service":"code-execution"}
2026-01-26 11:13:22 [[32minfo[39m]: Submission 01f9bb0e-2328-4ca7-9496-6a6ba65dcb7c completed {"service":"code-execution","verdict":"RUNTIME_ERROR"}
🔍 DEBUG: Executing test case with language: javascript
2026-01-26 11:13:22 [[32minfo[39m]: Submitting code to Judge0 {"service":"code-execution","languageId":63}
2026-01-26 11:13:22 [[32minfo[39m]: Polling submission 5bcefd8e-a243-42ba-b7c9-3312fef8e929 {"service":"code-execution"}
2026-01-26 11:13:23 [[32minfo[39m]: Submission 5bcefd8e-a243-42ba-b7c9-3312fef8e929 completed {"service":"code-execution","verdict":"RUNTIME_ERROR"}
🔍 DEBUG: Executing test case with language: javascript
2026-01-26 11:13:23 [[32minfo[39m]: Submitting code to Judge0 {"service":"code-execution","languageId":63}
2026-01-26 11:13:23 [[32minfo[39m]: Polling submission eb79abcd-6e3a-40d8-8333-51e3db9609f1 {"service":"code-execution"}
2026-01-26 11:13:24 [[32minfo[39m]: Submission eb79abcd-6e3a-40d8-8333-51e3db9609f1 completed {"service":"code-execution","verdict":"RUNTIME_ERROR"}
🔍 DEBUG: Executing test case with language: javascript
2026-01-26 11:13:24 [[32minfo[39m]: Submitting code to Judge0 {"service":"code-execution","languageId":63}
2026-01-26 11:13:24 [[32minfo[39m]: Polling submission 53bf6e93-7f24-4876-b008-e9b530b44690 {"service":"code-execution"}
2026-01-26 11:13:25 [[32minfo[39m]: Submission 53bf6e93-7f24-4876-b008-e9b530b44690 completed {"service":"code-execution","verdict":"RUNTIME_ERROR"}
🔍 DEBUG: Executing test case with language: javascript
2026-01-26 11:13:25 [[32minfo[39m]: Submitting code to Judge0 {"service":"code-execution","languageId":63}
2026-01-26 11:13:25 [[32minfo[39m]: Polling submission a40fc505-59a5-4b3f-ade0-5686d7b20446 {"service":"code-execution"}
2026-01-26 11:13:26 [[32minfo[39m]: Submission a40fc505-59a5-4b3f-ade0-5686d7b20446 completed {"service":"code-execution","verdict":"RUNTIME_ERROR"}
🔍 DEBUG: Executing test case with language: javascript
2026-01-26 11:13:26 [[32minfo[39m]: Submitting code to Judge0 {"service":"code-execution","languageId":63}
2026-01-26 11:13:26 [[32minfo[39m]: Polling submission 21d07dd2-8802-4f17-9570-74fcea755e16 {"service":"code-execution"}
2026-01-26 11:13:27 [[32minfo[39m]: Submission 21d07dd2-8802-4f17-9570-74fcea755e16 completed {"service":"code-execution","verdict":"RUNTIME_ERROR"}
🔍 DEBUG: Executing test case with language: javascript
2026-01-26 11:13:27 [[32minfo[39m]: Submitting code to Judge0 {"service":"code-execution","languageId":63}
2026-01-26 11:13:27 [[32minfo[39m]: Polling submission a26428d8-1d76-4fd5-9ad0-9cc687d79635 {"service":"code-execution"}
2026-01-26 11:13:28 [[32minfo[39m]: Submission a26428d8-1d76-4fd5-9ad0-9cc687d79635 completed {"service":"code-execution","verdict":"RUNTIME_ERROR"}
🔍 DEBUG: Executing test case with language: javascript
2026-01-26 11:13:28 [[32minfo[39m]: Submitting code to Judge0 {"service":"code-execution","languageId":63}
2026-01-26 11:13:28 [[32minfo[39m]: Polling submission f5247c09-9765-4d29-8046-6eaa32203049 {"service":"code-execution"}
2026-01-26 11:13:29 [[32minfo[39m]: Submission f5247c09-9765-4d29-8046-6eaa32203049 completed {"service":"code-execution","verdict":"RUNTIME_ERROR"}
2026-01-26 11:13:29 [[32minfo[39m] [475adc3c-e78c-4e4e-9342-d3f1452617d2]: Test cases completed {"service":"code-execution","testsPassed":0,"totalTests":9,"allPassed":false}
prisma:query BEGIN
prisma:query INSERT INTO `dsa_multiplayer`.`Submission` (`id`,`questionId`,`userId`,`teamId`,`code`,`language`,`testsPassed`,`totalTests`,`points`,`executionTime`,`memory`,`submittedAt`,`completedAt`,`mode`,`verdict`) VALUES (?,?,?,?,?,?,?,?,?,?,?,?,?,?,?)
prisma:query SELECT `dsa_multiplayer`.`Submission`.`id`, `dsa_multiplayer`.`Submission`.`questionId`, `dsa_multiplayer`.`Submission`.`userId`, `dsa_multiplayer`.`Submission`.`teamId`, `dsa_multiplayer`.`Submission`.`code`, `dsa_multiplayer`.`Submission`.`language`, `dsa_multiplayer`.`Submission`.`testsPassed`, `dsa_multiplayer`.`Submission`.`totalTests`, `dsa_multiplayer`.`Submission`.`points`, `dsa_multiplayer`.`Submission`.`executionTime`, `dsa_multiplayer`.`Submission`.`memory`, `dsa_multiplayer`.`Submission`.`error`, `dsa_multiplayer`.`Submission`.`submittedAt`, `dsa_multiplayer`.`Submission`.`compileOutput`, `dsa_multiplayer`.`Submission`.`completedAt`, `dsa_multiplayer`.`Submission`.`mode`, `dsa_multiplayer`.`Submission`.`verdict` FROM `dsa_multiplayer`.`Submission` WHERE `dsa_multiplayer`.`Submission`.`id` = ? LIMIT ? OFFSET ?
prisma:query COMMIT
✅ Submit Verified: OK

--------------------------------------------------
Testing Question: Search a 2D Matrix (ID: 7a2a8d44-f278-4c1d-8b5a-b919880dd60d)
▶️ Running Code (Run Function)...
7a2a8d44-f278-4c1d-8b5a-b919880dd60d
function searchMatrix(matrix, target) {
    // TODO: Implement your solution here
    return false;
}
javascript
prisma:query SELECT `dsa_multiplayer`.`Question`.`id`, `dsa_multiplayer`.`Question`.`roomId`, `dsa_multiplayer`.`Question`.`title`, `dsa_multiplayer`.`Question`.`description`, `dsa_multiplayer`.`Question`.`sampleInput`, `dsa_multiplayer`.`Question`.`sampleOutput`, `dsa_multiplayer`.`Question`.`points`, `dsa_multiplayer`.`Question`.`difficulty`, `dsa_multiplayer`.`Question`.`timeLimit`, `dsa_multiplayer`.`Question`.`memoryLimit`, `dsa_multiplayer`.`Question`.`createdAt`, `dsa_multiplayer`.`Question`.`functionName`, `dsa_multiplayer`.`Question`.`functionSignature`, `dsa_multiplayer`.`Question`.`inputType`, `dsa_multiplayer`.`Question`.`outputType`, `dsa_multiplayer`.`Question`.`slug`, `dsa_multiplayer`.`Question`.`inputFormats`, `dsa_multiplayer`.`Question`.`outputFormat`, `dsa_multiplayer`.`Question`.`customTypes` FROM `dsa_multiplayer`.`Question` WHERE (`dsa_multiplayer`.`Question`.`id` = ? AND 1=1) LIMIT ? OFFSET ?
prisma:query SELECT `dsa_multiplayer`.`TestCase`.`id`, `dsa_multiplayer`.`TestCase`.`questionId`, `dsa_multiplayer`.`TestCase`.`input`, `dsa_multiplayer`.`TestCase`.`output`, `dsa_multiplayer`.`TestCase`.`explanation`, `dsa_multiplayer`.`TestCase`.`isHidden`, `dsa_multiplayer`.`TestCase`.`isSample`, `dsa_multiplayer`.`TestCase`.`category`, `dsa_multiplayer`.`TestCase`.`memoryLimit`, `dsa_multiplayer`.`TestCase`.`order`, `dsa_multiplayer`.`TestCase`.`points`, `dsa_multiplayer`.`TestCase`.`timeLimit` FROM `dsa_multiplayer`.`TestCase` WHERE (`dsa_multiplayer`.`TestCase`.`isSample` = ? AND `dsa_multiplayer`.`TestCase`.`questionId` IN (?)) ORDER BY `dsa_multiplayer`.`TestCase`.`order` ASC
{
  id: '7a2a8d44-f278-4c1d-8b5a-b919880dd60d',
  roomId: 'f3a1c123-554d-4fdc-a60d-83b862f274af',
  title: 'Search a 2D Matrix',
  description: 'Write an efficient algorithm that searches for a value target in an m x n integer matrix.\n' +
    '\n' +
    '**Example:**\n' +
    'Input: matrix = [[1,3,5,7],[10,11,16,20],[23,30,34,60]], target = 3\n' +
    'Output: true\n' +
    '\n' +
    '**Constraints:**\n' +
    '- m == matrix.length\n' +
    '- n == matrix[i].length\n' +
    '- 1 <= m, n <= 100',
  sampleInput: '[[1,3,5,7],[10,11,16,20],[23,30,34,60]]\n3',
  sampleOutput: 'true',
  points: 100,
  difficulty: 'MEDIUM',
  timeLimit: 2000,
  memoryLimit: 256,
  createdAt: 2026-01-25T17:31:12.917Z,
  functionName: 'searchMatrix',
  functionSignature: '{"returnType":"bool","params":[{"type":"vector<vector<int>>&","name":"matrix"},{"type":"int","name":"target"}]}',
  inputType: '["matrix<int>", "int"]',
  outputType: '"boolean"',
  slug: null,
  inputFormats: [
    {
      baseType: 'matrix',
      paramName: 'matrix',
      paramIndex: 0,
      elementType: 'int',
      parseStrategy: 'nested_array',
      inputFormatExample: '[[1,3,5,7],[10,11,16,20]]'
    },
    {
      baseType: 'primitive',
      paramName: 'target',
      paramIndex: 1,
      elementType: 'int',
      parseStrategy: 'primitive',
      inputFormatExample: '3'
    }
  ],
  outputFormat: {
    baseType: 'primitive',
    elementType: 'boolean',
    serializeStrategy: 'primitive',
    outputFormatExample: 'true'
  },
  customTypes: null,
  testCases: [
    {
      id: '7a8a41c8-d304-4f1e-a829-92b05763905f',
      questionId: '7a2a8d44-f278-4c1d-8b5a-b919880dd60d',
      input: '[[1,3,5,7],[10,11,16,20],[23,30,34,60]]\n3',
      output: 'true',
      explanation: null,
      isHidden: false,
      isSample: true,
      category: 'BASIC',
      memoryLimit: 256,
      order: 0,
      points: 10,
      timeLimit: 2000
    },
    {
      id: 'c4cc1a13-2f6d-4c75-83aa-9656fd60aa26',
      questionId: '7a2a8d44-f278-4c1d-8b5a-b919880dd60d',
      input: '[[1,3,5,7],[10,11,16,20],[23,30,34,60]]\n13',
      output: 'false',
      explanation: null,
      isHidden: false,
      isSample: true,
      category: 'BASIC',
      memoryLimit: 256,
      order: 1,
      points: 10,
      timeLimit: 2000
    },
    {
      id: 'aa64bab3-4c6a-4490-814c-5fd8d747430b',
      questionId: '7a2a8d44-f278-4c1d-8b5a-b919880dd60d',
      input: '[[1]]\n1',
      output: 'true',
      explanation: null,
      isHidden: false,
      isSample: true,
      category: 'BASIC',
      memoryLimit: 256,
      order: 2,
      points: 10,
      timeLimit: 2000
    }
  ]
}
prisma:query SELECT `dsa_multiplayer`.`QuestionTemplate`.`id`, `dsa_multiplayer`.`QuestionTemplate`.`questionId`, `dsa_multiplayer`.`QuestionTemplate`.`language`, `dsa_multiplayer`.`QuestionTemplate`.`headerCode`, `dsa_multiplayer`.`QuestionTemplate`.`createdAt`, `dsa_multiplayer`.`QuestionTemplate`.`updatedAt`, `dsa_multiplayer`.`QuestionTemplate`.`boilerplate`, `dsa_multiplayer`.`QuestionTemplate`.`diagram`, `dsa_multiplayer`.`QuestionTemplate`.`mainFunction`, `dsa_multiplayer`.`QuestionTemplate`.`userFunction`, `dsa_multiplayer`.`QuestionTemplate`.`definition` FROM `dsa_multiplayer`.`QuestionTemplate` WHERE ((`dsa_multiplayer`.`QuestionTemplate`.`questionId` = ? AND `dsa_multiplayer`.`QuestionTemplate`.`language` = ?) AND 1=1) LIMIT ? OFFSET ?
2026-01-26 11:13:29 [[32minfo[39m]: Generated executable code for question 7a2a8d44-f278-4c1d-8b5a-b919880dd60d, language javascript {"service":"code-execution"}
=== GENERATED CODE (first 500 chars) ===
const fs = require('fs');
const input = fs.readFileSync(0, 'utf8').trim().split('\n');
let lineIndex = 0;

function readLine() {
    return lineIndex < input.length ? input[lineIndex++] : "";
}

function readInt() {
    return parseInt(readLine());
}

function readIntArray(n) {
    return readLine().split(' ').map(Number);
}

function readMatrix(rows, cols) {
    const matrix = [];
    for (let i = 0; i < rows; i++) {
        matrix.push(readLine().split(' ').map(Number));
    }
    return matri
=== CODE LINES 148-156 ===
148:     }
149: }
150: 
151: class TreeNode {
152:     constructor(val = 0, left = null, right = null) {
153:         this.val = val;
154:         this.left = left;
155:         this.right = right;
156:     }
=== END DEBUG ===
2026-01-26 11:13:29 [[32minfo[39m] [d2622eb6-134d-46c9-ab8c-6fbdfb300928]: Running test cases {"service":"code-execution","language":"javascript","totalTestCases":3}
🔍 DEBUG: Executing test case with language: javascript
2026-01-26 11:13:29 [[32minfo[39m]: Submitting code to Judge0 {"service":"code-execution","languageId":63}
2026-01-26 11:13:29 [[32minfo[39m]: Polling submission ad6fd14f-31ce-44b5-b6b0-5efe09061d46 {"service":"code-execution"}
2026-01-26 11:13:30 [[32minfo[39m]: Submission ad6fd14f-31ce-44b5-b6b0-5efe09061d46 completed {"service":"code-execution","verdict":"WRONG_ANSWER"}
🔍 DEBUG: Executing test case with language: javascript
2026-01-26 11:13:30 [[32minfo[39m]: Submitting code to Judge0 {"service":"code-execution","languageId":63}
2026-01-26 11:13:30 [[32minfo[39m]: Polling submission dd4df069-3d96-442d-a0cc-17e5464d0489 {"service":"code-execution"}
2026-01-26 11:13:31 [[32minfo[39m]: Submission dd4df069-3d96-442d-a0cc-17e5464d0489 completed {"service":"code-execution","verdict":"ACCEPTED"}
🔍 DEBUG: Executing test case with language: javascript
2026-01-26 11:13:31 [[32minfo[39m]: Submitting code to Judge0 {"service":"code-execution","languageId":63}
2026-01-26 11:13:31 [[32minfo[39m]: Polling submission 2c71112a-6409-4e02-b2aa-5b8e0193c3a2 {"service":"code-execution"}
2026-01-26 11:13:32 [[32minfo[39m]: Submission 2c71112a-6409-4e02-b2aa-5b8e0193c3a2 completed {"service":"code-execution","verdict":"WRONG_ANSWER"}
2026-01-26 11:13:32 [[32minfo[39m] [d2622eb6-134d-46c9-ab8c-6fbdfb300928]: Test cases completed {"service":"code-execution","testsPassed":1,"totalTests":3,"allPassed":false}
✅ Run Verified: OK
▶️ Submitting Code (Submit Function)...
prisma:query SELECT `dsa_multiplayer`.`Question`.`id`, `dsa_multiplayer`.`Question`.`roomId`, `dsa_multiplayer`.`Question`.`title`, `dsa_multiplayer`.`Question`.`description`, `dsa_multiplayer`.`Question`.`sampleInput`, `dsa_multiplayer`.`Question`.`sampleOutput`, `dsa_multiplayer`.`Question`.`points`, `dsa_multiplayer`.`Question`.`difficulty`, `dsa_multiplayer`.`Question`.`timeLimit`, `dsa_multiplayer`.`Question`.`memoryLimit`, `dsa_multiplayer`.`Question`.`createdAt`, `dsa_multiplayer`.`Question`.`functionName`, `dsa_multiplayer`.`Question`.`functionSignature`, `dsa_multiplayer`.`Question`.`inputType`, `dsa_multiplayer`.`Question`.`outputType`, `dsa_multiplayer`.`Question`.`slug`, `dsa_multiplayer`.`Question`.`inputFormats`, `dsa_multiplayer`.`Question`.`outputFormat`, `dsa_multiplayer`.`Question`.`customTypes` FROM `dsa_multiplayer`.`Question` WHERE (`dsa_multiplayer`.`Question`.`id` = ? AND 1=1) LIMIT ? OFFSET ?
prisma:query SELECT `dsa_multiplayer`.`TestCase`.`id`, `dsa_multiplayer`.`TestCase`.`questionId`, `dsa_multiplayer`.`TestCase`.`input`, `dsa_multiplayer`.`TestCase`.`output`, `dsa_multiplayer`.`TestCase`.`explanation`, `dsa_multiplayer`.`TestCase`.`isHidden`, `dsa_multiplayer`.`TestCase`.`isSample`, `dsa_multiplayer`.`TestCase`.`category`, `dsa_multiplayer`.`TestCase`.`memoryLimit`, `dsa_multiplayer`.`TestCase`.`order`, `dsa_multiplayer`.`TestCase`.`points`, `dsa_multiplayer`.`TestCase`.`timeLimit` FROM `dsa_multiplayer`.`TestCase` WHERE `dsa_multiplayer`.`TestCase`.`questionId` IN (?) ORDER BY `dsa_multiplayer`.`TestCase`.`order` ASC
prisma:query SELECT `dsa_multiplayer`.`QuestionTemplate`.`id`, `dsa_multiplayer`.`QuestionTemplate`.`questionId`, `dsa_multiplayer`.`QuestionTemplate`.`language`, `dsa_multiplayer`.`QuestionTemplate`.`headerCode`, `dsa_multiplayer`.`QuestionTemplate`.`createdAt`, `dsa_multiplayer`.`QuestionTemplate`.`updatedAt`, `dsa_multiplayer`.`QuestionTemplate`.`boilerplate`, `dsa_multiplayer`.`QuestionTemplate`.`diagram`, `dsa_multiplayer`.`QuestionTemplate`.`mainFunction`, `dsa_multiplayer`.`QuestionTemplate`.`userFunction`, `dsa_multiplayer`.`QuestionTemplate`.`definition` FROM `dsa_multiplayer`.`QuestionTemplate` WHERE ((`dsa_multiplayer`.`QuestionTemplate`.`questionId` = ? AND `dsa_multiplayer`.`QuestionTemplate`.`language` = ?) AND 1=1) LIMIT ? OFFSET ?
2026-01-26 11:13:32 [[32minfo[39m]: Generated executable code for question 7a2a8d44-f278-4c1d-8b5a-b919880dd60d, language javascript {"service":"code-execution"}
2026-01-26 11:13:32 [[32minfo[39m] [2d602854-9d28-47ac-8345-9c8eb6ec9ee4]: Running test cases {"service":"code-execution","language":"javascript","totalTestCases":10}
🔍 DEBUG: Executing test case with language: javascript
2026-01-26 11:13:32 [[32minfo[39m]: Submitting code to Judge0 {"service":"code-execution","languageId":63}
2026-01-26 11:13:32 [[32minfo[39m]: Polling submission 5bf9cd37-257f-4a79-a15b-bd27412337c5 {"service":"code-execution"}
2026-01-26 11:13:33 [[32minfo[39m]: Submission 5bf9cd37-257f-4a79-a15b-bd27412337c5 completed {"service":"code-execution","verdict":"WRONG_ANSWER"}
🔍 DEBUG: Executing test case with language: javascript
2026-01-26 11:13:33 [[32minfo[39m]: Submitting code to Judge0 {"service":"code-execution","languageId":63}
2026-01-26 11:13:33 [[32minfo[39m]: Polling submission 939c85cc-7b7b-4ac3-a7a8-96c89480cc8f {"service":"code-execution"}
2026-01-26 11:13:34 [[32minfo[39m]: Submission 939c85cc-7b7b-4ac3-a7a8-96c89480cc8f completed {"service":"code-execution","verdict":"ACCEPTED"}
🔍 DEBUG: Executing test case with language: javascript
2026-01-26 11:13:34 [[32minfo[39m]: Submitting code to Judge0 {"service":"code-execution","languageId":63}
2026-01-26 11:13:34 [[32minfo[39m]: Polling submission 7f7b3e3d-2a96-43e6-b5d9-5013222746dd {"service":"code-execution"}
2026-01-26 11:13:35 [[32minfo[39m]: Submission 7f7b3e3d-2a96-43e6-b5d9-5013222746dd completed {"service":"code-execution","verdict":"WRONG_ANSWER"}
🔍 DEBUG: Executing test case with language: javascript
2026-01-26 11:13:35 [[32minfo[39m]: Submitting code to Judge0 {"service":"code-execution","languageId":63}
2026-01-26 11:13:35 [[32minfo[39m]: Polling submission 80a9d29b-f7ee-4730-9416-a81e09558885 {"service":"code-execution"}
2026-01-26 11:13:36 [[32minfo[39m]: Submission 80a9d29b-f7ee-4730-9416-a81e09558885 completed {"service":"code-execution","verdict":"ACCEPTED"}
🔍 DEBUG: Executing test case with language: javascript
2026-01-26 11:13:36 [[32minfo[39m]: Submitting code to Judge0 {"service":"code-execution","languageId":63}
2026-01-26 11:13:36 [[32minfo[39m]: Polling submission f251888c-e700-48e4-b3be-9843b9103714 {"service":"code-execution"}
2026-01-26 11:13:37 [[32minfo[39m]: Submission f251888c-e700-48e4-b3be-9843b9103714 completed {"service":"code-execution","verdict":"WRONG_ANSWER"}
🔍 DEBUG: Executing test case with language: javascript
2026-01-26 11:13:37 [[32minfo[39m]: Submitting code to Judge0 {"service":"code-execution","languageId":63}
2026-01-26 11:13:37 [[32minfo[39m]: Polling submission c44d82fc-33f6-45e2-bdc5-015b2bf7afa0 {"service":"code-execution"}
2026-01-26 11:13:38 [[32minfo[39m]: Submission c44d82fc-33f6-45e2-bdc5-015b2bf7afa0 completed {"service":"code-execution","verdict":"WRONG_ANSWER"}
🔍 DEBUG: Executing test case with language: javascript
2026-01-26 11:13:38 [[32minfo[39m]: Submitting code to Judge0 {"service":"code-execution","languageId":63}
2026-01-26 11:13:38 [[32minfo[39m]: Polling submission 56feb2c7-9343-41eb-a216-b09196dc90d7 {"service":"code-execution"}
2026-01-26 11:13:39 [[32minfo[39m]: Submission 56feb2c7-9343-41eb-a216-b09196dc90d7 completed {"service":"code-execution","verdict":"WRONG_ANSWER"}
🔍 DEBUG: Executing test case with language: javascript
2026-01-26 11:13:39 [[32minfo[39m]: Submitting code to Judge0 {"service":"code-execution","languageId":63}
2026-01-26 11:13:40 [[32minfo[39m]: Polling submission a06e0b0a-6520-4957-919c-d70b963fbf76 {"service":"code-execution"}
2026-01-26 11:13:41 [[32minfo[39m]: Submission a06e0b0a-6520-4957-919c-d70b963fbf76 completed {"service":"code-execution","verdict":"WRONG_ANSWER"}
🔍 DEBUG: Executing test case with language: javascript
2026-01-26 11:13:41 [[32minfo[39m]: Submitting code to Judge0 {"service":"code-execution","languageId":63}
2026-01-26 11:13:41 [[32minfo[39m]: Polling submission 954117b7-1d17-44ee-ba30-27eb36a0442d {"service":"code-execution"}
2026-01-26 11:13:42 [[32minfo[39m]: Submission 954117b7-1d17-44ee-ba30-27eb36a0442d completed {"service":"code-execution","verdict":"ACCEPTED"}
🔍 DEBUG: Executing test case with language: javascript
2026-01-26 11:13:42 [[32minfo[39m]: Submitting code to Judge0 {"service":"code-execution","languageId":63}
2026-01-26 11:13:42 [[32minfo[39m]: Polling submission f9bbbf83-b13d-4050-8d31-ab5544757a5f {"service":"code-execution"}
2026-01-26 11:13:43 [[32minfo[39m]: Submission f9bbbf83-b13d-4050-8d31-ab5544757a5f completed {"service":"code-execution","verdict":"WRONG_ANSWER"}
2026-01-26 11:13:43 [[32minfo[39m] [2d602854-9d28-47ac-8345-9c8eb6ec9ee4]: Test cases completed {"service":"code-execution","testsPassed":3,"totalTests":10,"allPassed":false}
prisma:query SELECT 1
prisma:query BEGIN
prisma:query INSERT INTO `dsa_multiplayer`.`Submission` (`id`,`questionId`,`userId`,`teamId`,`code`,`language`,`testsPassed`,`totalTests`,`points`,`executionTime`,`memory`,`submittedAt`,`completedAt`,`mode`,`verdict`) VALUES (?,?,?,?,?,?,?,?,?,?,?,?,?,?,?)
prisma:query SELECT `dsa_multiplayer`.`Submission`.`id`, `dsa_multiplayer`.`Submission`.`questionId`, `dsa_multiplayer`.`Submission`.`userId`, `dsa_multiplayer`.`Submission`.`teamId`, `dsa_multiplayer`.`Submission`.`code`, `dsa_multiplayer`.`Submission`.`language`, `dsa_multiplayer`.`Submission`.`testsPassed`, `dsa_multiplayer`.`Submission`.`totalTests`, `dsa_multiplayer`.`Submission`.`points`, `dsa_multiplayer`.`Submission`.`executionTime`, `dsa_multiplayer`.`Submission`.`memory`, `dsa_multiplayer`.`Submission`.`error`, `dsa_multiplayer`.`Submission`.`submittedAt`, `dsa_multiplayer`.`Submission`.`compileOutput`, `dsa_multiplayer`.`Submission`.`completedAt`, `dsa_multiplayer`.`Submission`.`mode`, `dsa_multiplayer`.`Submission`.`verdict` FROM `dsa_multiplayer`.`Submission` WHERE `dsa_multiplayer`.`Submission`.`id` = ? LIMIT ? OFFSET ?
prisma:query COMMIT
✅ Submit Verified: OK

--------------------------------------------------
Testing Question: Valid Parentheses (ID: a64b4696-b5a1-4361-8777-e3b4e37ec116)
▶️ Running Code (Run Function)...
a64b4696-b5a1-4361-8777-e3b4e37ec116
function isValid(s) {
    // TODO: Implement your solution here
    return false;
}
javascript
prisma:query SELECT `dsa_multiplayer`.`Question`.`id`, `dsa_multiplayer`.`Question`.`roomId`, `dsa_multiplayer`.`Question`.`title`, `dsa_multiplayer`.`Question`.`description`, `dsa_multiplayer`.`Question`.`sampleInput`, `dsa_multiplayer`.`Question`.`sampleOutput`, `dsa_multiplayer`.`Question`.`points`, `dsa_multiplayer`.`Question`.`difficulty`, `dsa_multiplayer`.`Question`.`timeLimit`, `dsa_multiplayer`.`Question`.`memoryLimit`, `dsa_multiplayer`.`Question`.`createdAt`, `dsa_multiplayer`.`Question`.`functionName`, `dsa_multiplayer`.`Question`.`functionSignature`, `dsa_multiplayer`.`Question`.`inputType`, `dsa_multiplayer`.`Question`.`outputType`, `dsa_multiplayer`.`Question`.`slug`, `dsa_multiplayer`.`Question`.`inputFormats`, `dsa_multiplayer`.`Question`.`outputFormat`, `dsa_multiplayer`.`Question`.`customTypes` FROM `dsa_multiplayer`.`Question` WHERE (`dsa_multiplayer`.`Question`.`id` = ? AND 1=1) LIMIT ? OFFSET ?
prisma:query SELECT `dsa_multiplayer`.`TestCase`.`id`, `dsa_multiplayer`.`TestCase`.`questionId`, `dsa_multiplayer`.`TestCase`.`input`, `dsa_multiplayer`.`TestCase`.`output`, `dsa_multiplayer`.`TestCase`.`explanation`, `dsa_multiplayer`.`TestCase`.`isHidden`, `dsa_multiplayer`.`TestCase`.`isSample`, `dsa_multiplayer`.`TestCase`.`category`, `dsa_multiplayer`.`TestCase`.`memoryLimit`, `dsa_multiplayer`.`TestCase`.`order`, `dsa_multiplayer`.`TestCase`.`points`, `dsa_multiplayer`.`TestCase`.`timeLimit` FROM `dsa_multiplayer`.`TestCase` WHERE (`dsa_multiplayer`.`TestCase`.`isSample` = ? AND `dsa_multiplayer`.`TestCase`.`questionId` IN (?)) ORDER BY `dsa_multiplayer`.`TestCase`.`order` ASC
{
  id: 'a64b4696-b5a1-4361-8777-e3b4e37ec116',
  roomId: 'f3a1c123-554d-4fdc-a60d-83b862f274af',
  title: 'Valid Parentheses',
  description: "Given a string s containing just the characters '(', ')', '{', '}', '[' and ']', determine if the input string is valid.\n" +
    '\n' +
    '**Example:**\n' +
    'Input: s = "()[]{}"\n' +
    'Output: true\n' +
    '\n' +
    '**Constraints:**\n' +
    '- 1 <= s.length <= 10^4\n' +
    "- s consists of parentheses only '()[]{}'",
  sampleInput: '()[]{}',
  sampleOutput: 'true',
  points: 100,
  difficulty: 'EASY',
  timeLimit: 2000,
  memoryLimit: 256,
  createdAt: 2026-01-25T17:31:12.935Z,
  functionName: 'isValid',
  functionSignature: '{"returnType":"bool","params":[{"type":"string","name":"s"}]}',
  inputType: '["string"]',
  outputType: '"boolean"',
  slug: null,
  inputFormats: [
    {
      baseType: 'primitive',
      paramName: 's',
      paramIndex: 0,
      elementType: 'string',
      parseStrategy: 'primitive',
      inputFormatExample: '()[]{}'
    }
  ],
  outputFormat: {
    baseType: 'primitive',
    elementType: 'boolean',
    serializeStrategy: 'primitive',
    outputFormatExample: 'true'
  },
  customTypes: null,
  testCases: [
    {
      id: 'fe7a677a-e810-40bc-afcb-a7ad43568762',
      questionId: 'a64b4696-b5a1-4361-8777-e3b4e37ec116',
      input: '"()"',
      output: 'true',
      explanation: null,
      isHidden: false,
      isSample: true,
      category: 'BASIC',
      memoryLimit: 256,
      order: 0,
      points: 9,
      timeLimit: 2000
    },
    {
      id: 'b2c9d6d2-9367-4844-bfa2-d65aabadccd1',
      questionId: 'a64b4696-b5a1-4361-8777-e3b4e37ec116',
      input: '"()[]{}"',
      output: 'true',
      explanation: null,
      isHidden: false,
      isSample: true,
      category: 'BASIC',
      memoryLimit: 256,
      order: 1,
      points: 9,
      timeLimit: 2000
    },
    {
      id: '2b682ef5-91f0-45bc-bfcf-4bc9cb1d0dca',
      questionId: 'a64b4696-b5a1-4361-8777-e3b4e37ec116',
      input: '"(]"',
      output: 'false',
      explanation: null,
      isHidden: false,
      isSample: true,
      category: 'BASIC',
      memoryLimit: 256,
      order: 2,
      points: 9,
      timeLimit: 2000
    }
  ]
}
prisma:query SELECT `dsa_multiplayer`.`QuestionTemplate`.`id`, `dsa_multiplayer`.`QuestionTemplate`.`questionId`, `dsa_multiplayer`.`QuestionTemplate`.`language`, `dsa_multiplayer`.`QuestionTemplate`.`headerCode`, `dsa_multiplayer`.`QuestionTemplate`.`createdAt`, `dsa_multiplayer`.`QuestionTemplate`.`updatedAt`, `dsa_multiplayer`.`QuestionTemplate`.`boilerplate`, `dsa_multiplayer`.`QuestionTemplate`.`diagram`, `dsa_multiplayer`.`QuestionTemplate`.`mainFunction`, `dsa_multiplayer`.`QuestionTemplate`.`userFunction`, `dsa_multiplayer`.`QuestionTemplate`.`definition` FROM `dsa_multiplayer`.`QuestionTemplate` WHERE ((`dsa_multiplayer`.`QuestionTemplate`.`questionId` = ? AND `dsa_multiplayer`.`QuestionTemplate`.`language` = ?) AND 1=1) LIMIT ? OFFSET ?
2026-01-26 11:13:43 [[32minfo[39m]: Generated executable code for question a64b4696-b5a1-4361-8777-e3b4e37ec116, language javascript {"service":"code-execution"}
=== GENERATED CODE (first 500 chars) ===
const fs = require('fs');
const input = fs.readFileSync(0, 'utf8').trim().split('\n');
let lineIndex = 0;

function readLine() {
    return lineIndex < input.length ? input[lineIndex++] : "";
}

function readInt() {
    return parseInt(readLine());
}

function readIntArray(n) {
    return readLine().split(' ').map(Number);
}

function readMatrix(rows, cols) {
    const matrix = [];
    for (let i = 0; i < rows; i++) {
        matrix.push(readLine().split(' ').map(Number));
    }
    return matri
=== CODE LINES 148-156 ===
148:     }
149: }
150: 
151: class TreeNode {
152:     constructor(val = 0, left = null, right = null) {
153:         this.val = val;
154:         this.left = left;
155:         this.right = right;
156:     }
=== END DEBUG ===
2026-01-26 11:13:43 [[32minfo[39m] [f2f6bdb9-5e23-41b1-861d-d1853913af00]: Running test cases {"service":"code-execution","language":"javascript","totalTestCases":3}
🔍 DEBUG: Executing test case with language: javascript
2026-01-26 11:13:43 [[32minfo[39m]: Submitting code to Judge0 {"service":"code-execution","languageId":63}
2026-01-26 11:13:43 [[32minfo[39m]: Polling submission e4d73380-13d3-4203-94d4-a9f7c5e44b95 {"service":"code-execution"}
2026-01-26 11:13:44 [[32minfo[39m]: Submission e4d73380-13d3-4203-94d4-a9f7c5e44b95 completed {"service":"code-execution","verdict":"WRONG_ANSWER"}
🔍 DEBUG: Executing test case with language: javascript
2026-01-26 11:13:44 [[32minfo[39m]: Submitting code to Judge0 {"service":"code-execution","languageId":63}
2026-01-26 11:13:44 [[32minfo[39m]: Polling submission 7397dd94-e041-47f7-9c29-5953dd87b126 {"service":"code-execution"}
2026-01-26 11:13:45 [[32minfo[39m]: Submission 7397dd94-e041-47f7-9c29-5953dd87b126 completed {"service":"code-execution","verdict":"WRONG_ANSWER"}
🔍 DEBUG: Executing test case with language: javascript
2026-01-26 11:13:45 [[32minfo[39m]: Submitting code to Judge0 {"service":"code-execution","languageId":63}
2026-01-26 11:13:45 [[32minfo[39m]: Polling submission f956d992-31c5-4b5c-958e-6066a9f2820f {"service":"code-execution"}
2026-01-26 11:13:46 [[32minfo[39m]: Submission f956d992-31c5-4b5c-958e-6066a9f2820f completed {"service":"code-execution","verdict":"ACCEPTED"}
2026-01-26 11:13:46 [[32minfo[39m] [f2f6bdb9-5e23-41b1-861d-d1853913af00]: Test cases completed {"service":"code-execution","testsPassed":1,"totalTests":3,"allPassed":false}
✅ Run Verified: OK
▶️ Submitting Code (Submit Function)...
prisma:query SELECT `dsa_multiplayer`.`Question`.`id`, `dsa_multiplayer`.`Question`.`roomId`, `dsa_multiplayer`.`Question`.`title`, `dsa_multiplayer`.`Question`.`description`, `dsa_multiplayer`.`Question`.`sampleInput`, `dsa_multiplayer`.`Question`.`sampleOutput`, `dsa_multiplayer`.`Question`.`points`, `dsa_multiplayer`.`Question`.`difficulty`, `dsa_multiplayer`.`Question`.`timeLimit`, `dsa_multiplayer`.`Question`.`memoryLimit`, `dsa_multiplayer`.`Question`.`createdAt`, `dsa_multiplayer`.`Question`.`functionName`, `dsa_multiplayer`.`Question`.`functionSignature`, `dsa_multiplayer`.`Question`.`inputType`, `dsa_multiplayer`.`Question`.`outputType`, `dsa_multiplayer`.`Question`.`slug`, `dsa_multiplayer`.`Question`.`inputFormats`, `dsa_multiplayer`.`Question`.`outputFormat`, `dsa_multiplayer`.`Question`.`customTypes` FROM `dsa_multiplayer`.`Question` WHERE (`dsa_multiplayer`.`Question`.`id` = ? AND 1=1) LIMIT ? OFFSET ?
prisma:query SELECT `dsa_multiplayer`.`TestCase`.`id`, `dsa_multiplayer`.`TestCase`.`questionId`, `dsa_multiplayer`.`TestCase`.`input`, `dsa_multiplayer`.`TestCase`.`output`, `dsa_multiplayer`.`TestCase`.`explanation`, `dsa_multiplayer`.`TestCase`.`isHidden`, `dsa_multiplayer`.`TestCase`.`isSample`, `dsa_multiplayer`.`TestCase`.`category`, `dsa_multiplayer`.`TestCase`.`memoryLimit`, `dsa_multiplayer`.`TestCase`.`order`, `dsa_multiplayer`.`TestCase`.`points`, `dsa_multiplayer`.`TestCase`.`timeLimit` FROM `dsa_multiplayer`.`TestCase` WHERE `dsa_multiplayer`.`TestCase`.`questionId` IN (?) ORDER BY `dsa_multiplayer`.`TestCase`.`order` ASC
prisma:query SELECT `dsa_multiplayer`.`QuestionTemplate`.`id`, `dsa_multiplayer`.`QuestionTemplate`.`questionId`, `dsa_multiplayer`.`QuestionTemplate`.`language`, `dsa_multiplayer`.`QuestionTemplate`.`headerCode`, `dsa_multiplayer`.`QuestionTemplate`.`createdAt`, `dsa_multiplayer`.`QuestionTemplate`.`updatedAt`, `dsa_multiplayer`.`QuestionTemplate`.`boilerplate`, `dsa_multiplayer`.`QuestionTemplate`.`diagram`, `dsa_multiplayer`.`QuestionTemplate`.`mainFunction`, `dsa_multiplayer`.`QuestionTemplate`.`userFunction`, `dsa_multiplayer`.`QuestionTemplate`.`definition` FROM `dsa_multiplayer`.`QuestionTemplate` WHERE ((`dsa_multiplayer`.`QuestionTemplate`.`questionId` = ? AND `dsa_multiplayer`.`QuestionTemplate`.`language` = ?) AND 1=1) LIMIT ? OFFSET ?
2026-01-26 11:13:46 [[32minfo[39m]: Generated executable code for question a64b4696-b5a1-4361-8777-e3b4e37ec116, language javascript {"service":"code-execution"}
2026-01-26 11:13:46 [[32minfo[39m] [6a5fa78a-dfdf-4657-827d-92b33bcf32b9]: Running test cases {"service":"code-execution","language":"javascript","totalTestCases":11}
🔍 DEBUG: Executing test case with language: javascript
2026-01-26 11:13:46 [[32minfo[39m]: Submitting code to Judge0 {"service":"code-execution","languageId":63}
2026-01-26 11:13:46 [[32minfo[39m]: Polling submission ddbc5176-cc3b-42dd-8721-5f618f1fac9a {"service":"code-execution"}
2026-01-26 11:13:47 [[32minfo[39m]: Submission ddbc5176-cc3b-42dd-8721-5f618f1fac9a completed {"service":"code-execution","verdict":"WRONG_ANSWER"}
🔍 DEBUG: Executing test case with language: javascript
2026-01-26 11:13:47 [[32minfo[39m]: Submitting code to Judge0 {"service":"code-execution","languageId":63}
2026-01-26 11:13:47 [[32minfo[39m]: Polling submission 1de916c2-066d-4d4d-b1ba-f2154a46354e {"service":"code-execution"}
2026-01-26 11:13:48 [[32minfo[39m]: Submission 1de916c2-066d-4d4d-b1ba-f2154a46354e completed {"service":"code-execution","verdict":"WRONG_ANSWER"}
🔍 DEBUG: Executing test case with language: javascript
2026-01-26 11:13:48 [[32minfo[39m]: Submitting code to Judge0 {"service":"code-execution","languageId":63}
2026-01-26 11:13:48 [[32minfo[39m]: Polling submission f22cbed9-1f3b-4488-a8ff-ce295a3914b1 {"service":"code-execution"}
2026-01-26 11:13:49 [[32minfo[39m]: Submission f22cbed9-1f3b-4488-a8ff-ce295a3914b1 completed {"service":"code-execution","verdict":"ACCEPTED"}
🔍 DEBUG: Executing test case with language: javascript
2026-01-26 11:13:49 [[32minfo[39m]: Submitting code to Judge0 {"service":"code-execution","languageId":63}
2026-01-26 11:13:49 [[32minfo[39m]: Polling submission 9b7a669f-5dba-4035-a426-7cbd8b721c25 {"service":"code-execution"}
2026-01-26 11:13:50 [[32minfo[39m]: Submission 9b7a669f-5dba-4035-a426-7cbd8b721c25 completed {"service":"code-execution","verdict":"ACCEPTED"}
🔍 DEBUG: Executing test case with language: javascript
2026-01-26 11:13:50 [[32minfo[39m]: Submitting code to Judge0 {"service":"code-execution","languageId":63}
2026-01-26 11:13:50 [[32minfo[39m]: Polling submission 6e7a167a-25ca-4817-82f9-9f38acfbaf13 {"service":"code-execution"}
2026-01-26 11:13:51 [[32minfo[39m]: Submission 6e7a167a-25ca-4817-82f9-9f38acfbaf13 completed {"service":"code-execution","verdict":"WRONG_ANSWER"}
🔍 DEBUG: Executing test case with language: javascript
2026-01-26 11:13:51 [[32minfo[39m]: Submitting code to Judge0 {"service":"code-execution","languageId":63}
2026-01-26 11:13:51 [[32minfo[39m]: Polling submission 4f8d23bd-f54d-406d-ab95-00126fa141a0 {"service":"code-execution"}
2026-01-26 11:13:52 [[32minfo[39m]: Submission 4f8d23bd-f54d-406d-ab95-00126fa141a0 completed {"service":"code-execution","verdict":"WRONG_ANSWER"}
🔍 DEBUG: Executing test case with language: javascript
2026-01-26 11:13:52 [[32minfo[39m]: Submitting code to Judge0 {"service":"code-execution","languageId":63}
2026-01-26 11:13:52 [[32minfo[39m]: Polling submission 21ebe132-c82a-4ade-aaa7-4fd786eaa603 {"service":"code-execution"}
2026-01-26 11:13:53 [[32minfo[39m]: Submission 21ebe132-c82a-4ade-aaa7-4fd786eaa603 completed {"service":"code-execution","verdict":"ACCEPTED"}
🔍 DEBUG: Executing test case with language: javascript
2026-01-26 11:13:53 [[32minfo[39m]: Submitting code to Judge0 {"service":"code-execution","languageId":63}
2026-01-26 11:13:53 [[32minfo[39m]: Polling submission 8060ccc0-38ce-4d27-8fa6-f307c6234ea9 {"service":"code-execution"}
2026-01-26 11:13:54 [[32minfo[39m]: Submission 8060ccc0-38ce-4d27-8fa6-f307c6234ea9 completed {"service":"code-execution","verdict":"ACCEPTED"}
🔍 DEBUG: Executing test case with language: javascript
2026-01-26 11:13:54 [[32minfo[39m]: Submitting code to Judge0 {"service":"code-execution","languageId":63}
2026-01-26 11:13:54 [[32minfo[39m]: Polling submission aa294dd9-ac13-46cf-a3d5-1e0dbc030697 {"service":"code-execution"}
2026-01-26 11:13:55 [[32minfo[39m]: Submission aa294dd9-ac13-46cf-a3d5-1e0dbc030697 completed {"service":"code-execution","verdict":"WRONG_ANSWER"}
🔍 DEBUG: Executing test case with language: javascript
2026-01-26 11:13:55 [[32minfo[39m]: Submitting code to Judge0 {"service":"code-execution","languageId":63}
2026-01-26 11:13:55 [[32minfo[39m]: Polling submission efec5ed3-1255-43dd-8c41-40144087b4fb {"service":"code-execution"}
2026-01-26 11:13:56 [[32minfo[39m]: Submission efec5ed3-1255-43dd-8c41-40144087b4fb completed {"service":"code-execution","verdict":"WRONG_ANSWER"}
🔍 DEBUG: Executing test case with language: javascript
2026-01-26 11:13:56 [[32minfo[39m]: Submitting code to Judge0 {"service":"code-execution","languageId":63}
2026-01-26 11:13:56 [[32minfo[39m]: Polling submission bec20084-853d-4e08-a16f-e6096c49291f {"service":"code-execution"}
2026-01-26 11:13:57 [[32minfo[39m]: Submission bec20084-853d-4e08-a16f-e6096c49291f completed {"service":"code-execution","verdict":"ACCEPTED"}
2026-01-26 11:13:57 [[32minfo[39m] [6a5fa78a-dfdf-4657-827d-92b33bcf32b9]: Test cases completed {"service":"code-execution","testsPassed":5,"totalTests":11,"allPassed":false}
prisma:query BEGIN
prisma:query INSERT INTO `dsa_multiplayer`.`Submission` (`id`,`questionId`,`userId`,`teamId`,`code`,`language`,`testsPassed`,`totalTests`,`points`,`executionTime`,`memory`,`submittedAt`,`completedAt`,`mode`,`verdict`) VALUES (?,?,?,?,?,?,?,?,?,?,?,?,?,?,?)
prisma:query SELECT `dsa_multiplayer`.`Submission`.`id`, `dsa_multiplayer`.`Submission`.`questionId`, `dsa_multiplayer`.`Submission`.`userId`, `dsa_multiplayer`.`Submission`.`teamId`, `dsa_multiplayer`.`Submission`.`code`, `dsa_multiplayer`.`Submission`.`language`, `dsa_multiplayer`.`Submission`.`testsPassed`, `dsa_multiplayer`.`Submission`.`totalTests`, `dsa_multiplayer`.`Submission`.`points`, `dsa_multiplayer`.`Submission`.`executionTime`, `dsa_multiplayer`.`Submission`.`memory`, `dsa_multiplayer`.`Submission`.`error`, `dsa_multiplayer`.`Submission`.`submittedAt`, `dsa_multiplayer`.`Submission`.`compileOutput`, `dsa_multiplayer`.`Submission`.`completedAt`, `dsa_multiplayer`.`Submission`.`mode`, `dsa_multiplayer`.`Submission`.`verdict` FROM `dsa_multiplayer`.`Submission` WHERE `dsa_multiplayer`.`Submission`.`id` = ? LIMIT ? OFFSET ?
prisma:query COMMIT
✅ Submit Verified: OK

--------------------------------------------------
Testing Question: Maximum Depth of Binary Tree (ID: aa770d22-ed8e-4fbd-8352-8783ef36f78e)
▶️ Running Code (Run Function)...
aa770d22-ed8e-4fbd-8352-8783ef36f78e
function maxDepth(root) {
    // TODO: Implement your solution here
    return 0;
}
javascript
prisma:query SELECT `dsa_multiplayer`.`Question`.`id`, `dsa_multiplayer`.`Question`.`roomId`, `dsa_multiplayer`.`Question`.`title`, `dsa_multiplayer`.`Question`.`description`, `dsa_multiplayer`.`Question`.`sampleInput`, `dsa_multiplayer`.`Question`.`sampleOutput`, `dsa_multiplayer`.`Question`.`points`, `dsa_multiplayer`.`Question`.`difficulty`, `dsa_multiplayer`.`Question`.`timeLimit`, `dsa_multiplayer`.`Question`.`memoryLimit`, `dsa_multiplayer`.`Question`.`createdAt`, `dsa_multiplayer`.`Question`.`functionName`, `dsa_multiplayer`.`Question`.`functionSignature`, `dsa_multiplayer`.`Question`.`inputType`, `dsa_multiplayer`.`Question`.`outputType`, `dsa_multiplayer`.`Question`.`slug`, `dsa_multiplayer`.`Question`.`inputFormats`, `dsa_multiplayer`.`Question`.`outputFormat`, `dsa_multiplayer`.`Question`.`customTypes` FROM `dsa_multiplayer`.`Question` WHERE (`dsa_multiplayer`.`Question`.`id` = ? AND 1=1) LIMIT ? OFFSET ?
prisma:query SELECT `dsa_multiplayer`.`TestCase`.`id`, `dsa_multiplayer`.`TestCase`.`questionId`, `dsa_multiplayer`.`TestCase`.`input`, `dsa_multiplayer`.`TestCase`.`output`, `dsa_multiplayer`.`TestCase`.`explanation`, `dsa_multiplayer`.`TestCase`.`isHidden`, `dsa_multiplayer`.`TestCase`.`isSample`, `dsa_multiplayer`.`TestCase`.`category`, `dsa_multiplayer`.`TestCase`.`memoryLimit`, `dsa_multiplayer`.`TestCase`.`order`, `dsa_multiplayer`.`TestCase`.`points`, `dsa_multiplayer`.`TestCase`.`timeLimit` FROM `dsa_multiplayer`.`TestCase` WHERE (`dsa_multiplayer`.`TestCase`.`isSample` = ? AND `dsa_multiplayer`.`TestCase`.`questionId` IN (?)) ORDER BY `dsa_multiplayer`.`TestCase`.`order` ASC
{
  id: 'aa770d22-ed8e-4fbd-8352-8783ef36f78e',
  roomId: 'f3a1c123-554d-4fdc-a60d-83b862f274af',
  title: 'Maximum Depth of Binary Tree',
  description: 'Given the root of a binary tree, return its maximum depth.\n' +
    '\n' +
    "A binary tree's maximum depth is the number of nodes along the longest path from the root node down to the farthest leaf node.\n" +
    '\n' +
    '**Example:**\n' +
    'Input: root = [3,9,20,null,null,15,7]\n' +
    'Output: 3\n' +
    '\n' +
    '**Constraints:**\n' +
    '- The number of nodes in the tree is in the range [0, 10^4]\n' +
    '- -100 <= Node.val <= 100',
  sampleInput: '[3,9,20,null,null,15,7]',
  sampleOutput: '3',
  points: 100,
  difficulty: 'EASY',
  timeLimit: 2000,
  memoryLimit: 256,
  createdAt: 2026-01-25T17:31:12.897Z,
  functionName: 'maxDepth',
  functionSignature: '{"returnType":"int","params":[{"type":"TreeNode*","name":"root"}]}',
  inputType: '["tree"]',
  outputType: '"int"',
  slug: null,
  inputFormats: [
    {
      baseType: 'tree',
      paramName: 'root',
      paramIndex: 0,
      parseStrategy: 'tree_array',
      inputFormatExample: '[3,9,20,null,null,15,7]'
    }
  ],
  outputFormat: {
    baseType: 'primitive',
    elementType: 'int',
    serializeStrategy: 'primitive',
    outputFormatExample: '3'
  },
  customTypes: null,
  testCases: [
    {
      id: '98647736-c8ea-4fae-b07b-0b5c0e7354bc',
      questionId: 'aa770d22-ed8e-4fbd-8352-8783ef36f78e',
      input: '[3,9,20,null,null,15,7]',
      output: '3',
      explanation: null,
      isHidden: false,
      isSample: true,
      category: 'BASIC',
      memoryLimit: 256,
      order: 0,
      points: 12,
      timeLimit: 2000
    },
    {
      id: '986ce581-0de9-4a74-8f8a-7a0fe6799121',
      questionId: 'aa770d22-ed8e-4fbd-8352-8783ef36f78e',
      input: '[1,null,2]',
      output: '2',
      explanation: null,
      isHidden: false,
      isSample: true,
      category: 'BASIC',
      memoryLimit: 256,
      order: 1,
      points: 12,
      timeLimit: 2000
    },
    {
      id: 'f9f93add-87c9-4057-ac06-17ba6385a112',
      questionId: 'aa770d22-ed8e-4fbd-8352-8783ef36f78e',
      input: '[]',
      output: '0',
      explanation: null,
      isHidden: false,
      isSample: true,
      category: 'BASIC',
      memoryLimit: 256,
      order: 2,
      points: 12,
      timeLimit: 2000
    }
  ]
}
prisma:query SELECT `dsa_multiplayer`.`QuestionTemplate`.`id`, `dsa_multiplayer`.`QuestionTemplate`.`questionId`, `dsa_multiplayer`.`QuestionTemplate`.`language`, `dsa_multiplayer`.`QuestionTemplate`.`headerCode`, `dsa_multiplayer`.`QuestionTemplate`.`createdAt`, `dsa_multiplayer`.`QuestionTemplate`.`updatedAt`, `dsa_multiplayer`.`QuestionTemplate`.`boilerplate`, `dsa_multiplayer`.`QuestionTemplate`.`diagram`, `dsa_multiplayer`.`QuestionTemplate`.`mainFunction`, `dsa_multiplayer`.`QuestionTemplate`.`userFunction`, `dsa_multiplayer`.`QuestionTemplate`.`definition` FROM `dsa_multiplayer`.`QuestionTemplate` WHERE ((`dsa_multiplayer`.`QuestionTemplate`.`questionId` = ? AND `dsa_multiplayer`.`QuestionTemplate`.`language` = ?) AND 1=1) LIMIT ? OFFSET ?
2026-01-26 11:13:57 [[32minfo[39m]: Generated executable code for question aa770d22-ed8e-4fbd-8352-8783ef36f78e, language javascript {"service":"code-execution"}
=== GENERATED CODE (first 500 chars) ===
const fs = require('fs');
const input = fs.readFileSync(0, 'utf8').trim().split('\n');
let lineIndex = 0;

function readLine() {
    return lineIndex < input.length ? input[lineIndex++] : "";
}

function readInt() {
    return parseInt(readLine());
}

function readIntArray(n) {
    return readLine().split(' ').map(Number);
}

function readMatrix(rows, cols) {
    const matrix = [];
    for (let i = 0; i < rows; i++) {
        matrix.push(readLine().split(' ').map(Number));
    }
    return matri
=== CODE LINES 148-156 ===
148:     }
149: }
150: 
151: class TreeNode {
152:     constructor(val = 0, left = null, right = null) {
153:         this.val = val;
154:         this.left = left;
155:         this.right = right;
156:     }
=== END DEBUG ===
2026-01-26 11:13:57 [[32minfo[39m] [b6a7d096-0928-44df-94b4-636965573a80]: Running test cases {"service":"code-execution","language":"javascript","totalTestCases":3}
🔍 DEBUG: Executing test case with language: javascript
2026-01-26 11:13:57 [[32minfo[39m]: Submitting code to Judge0 {"service":"code-execution","languageId":63}
2026-01-26 11:13:57 [[32minfo[39m]: Polling submission 8c5b999c-677d-472b-a963-d2559038a0b0 {"service":"code-execution"}
2026-01-26 11:13:58 [[32minfo[39m]: Submission 8c5b999c-677d-472b-a963-d2559038a0b0 completed {"service":"code-execution","verdict":"RUNTIME_ERROR"}
🔍 DEBUG: Executing test case with language: javascript
2026-01-26 11:13:58 [[32minfo[39m]: Submitting code to Judge0 {"service":"code-execution","languageId":63}
2026-01-26 11:13:58 [[32minfo[39m]: Polling submission 923899dc-36f1-4827-8ea5-57092f9cf0e3 {"service":"code-execution"}
2026-01-26 11:13:59 [[32minfo[39m]: Submission 923899dc-36f1-4827-8ea5-57092f9cf0e3 completed {"service":"code-execution","verdict":"RUNTIME_ERROR"}
🔍 DEBUG: Executing test case with language: javascript
2026-01-26 11:13:59 [[32minfo[39m]: Submitting code to Judge0 {"service":"code-execution","languageId":63}
2026-01-26 11:13:59 [[32minfo[39m]: Polling submission a6f6f713-a8a6-443c-8d93-841b7bbefd91 {"service":"code-execution"}
2026-01-26 11:14:00 [[32minfo[39m]: Submission a6f6f713-a8a6-443c-8d93-841b7bbefd91 completed {"service":"code-execution","verdict":"RUNTIME_ERROR"}
2026-01-26 11:14:00 [[32minfo[39m] [b6a7d096-0928-44df-94b4-636965573a80]: Test cases completed {"service":"code-execution","testsPassed":0,"totalTests":3,"allPassed":false}
✅ Run Verified: OK
▶️ Submitting Code (Submit Function)...
prisma:query SELECT 1
prisma:query SELECT `dsa_multiplayer`.`Question`.`id`, `dsa_multiplayer`.`Question`.`roomId`, `dsa_multiplayer`.`Question`.`title`, `dsa_multiplayer`.`Question`.`description`, `dsa_multiplayer`.`Question`.`sampleInput`, `dsa_multiplayer`.`Question`.`sampleOutput`, `dsa_multiplayer`.`Question`.`points`, `dsa_multiplayer`.`Question`.`difficulty`, `dsa_multiplayer`.`Question`.`timeLimit`, `dsa_multiplayer`.`Question`.`memoryLimit`, `dsa_multiplayer`.`Question`.`createdAt`, `dsa_multiplayer`.`Question`.`functionName`, `dsa_multiplayer`.`Question`.`functionSignature`, `dsa_multiplayer`.`Question`.`inputType`, `dsa_multiplayer`.`Question`.`outputType`, `dsa_multiplayer`.`Question`.`slug`, `dsa_multiplayer`.`Question`.`inputFormats`, `dsa_multiplayer`.`Question`.`outputFormat`, `dsa_multiplayer`.`Question`.`customTypes` FROM `dsa_multiplayer`.`Question` WHERE (`dsa_multiplayer`.`Question`.`id` = ? AND 1=1) LIMIT ? OFFSET ?
prisma:query SELECT `dsa_multiplayer`.`TestCase`.`id`, `dsa_multiplayer`.`TestCase`.`questionId`, `dsa_multiplayer`.`TestCase`.`input`, `dsa_multiplayer`.`TestCase`.`output`, `dsa_multiplayer`.`TestCase`.`explanation`, `dsa_multiplayer`.`TestCase`.`isHidden`, `dsa_multiplayer`.`TestCase`.`isSample`, `dsa_multiplayer`.`TestCase`.`category`, `dsa_multiplayer`.`TestCase`.`memoryLimit`, `dsa_multiplayer`.`TestCase`.`order`, `dsa_multiplayer`.`TestCase`.`points`, `dsa_multiplayer`.`TestCase`.`timeLimit` FROM `dsa_multiplayer`.`TestCase` WHERE `dsa_multiplayer`.`TestCase`.`questionId` IN (?) ORDER BY `dsa_multiplayer`.`TestCase`.`order` ASC
prisma:query SELECT `dsa_multiplayer`.`QuestionTemplate`.`id`, `dsa_multiplayer`.`QuestionTemplate`.`questionId`, `dsa_multiplayer`.`QuestionTemplate`.`language`, `dsa_multiplayer`.`QuestionTemplate`.`headerCode`, `dsa_multiplayer`.`QuestionTemplate`.`createdAt`, `dsa_multiplayer`.`QuestionTemplate`.`updatedAt`, `dsa_multiplayer`.`QuestionTemplate`.`boilerplate`, `dsa_multiplayer`.`QuestionTemplate`.`diagram`, `dsa_multiplayer`.`QuestionTemplate`.`mainFunction`, `dsa_multiplayer`.`QuestionTemplate`.`userFunction`, `dsa_multiplayer`.`QuestionTemplate`.`definition` FROM `dsa_multiplayer`.`QuestionTemplate` WHERE ((`dsa_multiplayer`.`QuestionTemplate`.`questionId` = ? AND `dsa_multiplayer`.`QuestionTemplate`.`language` = ?) AND 1=1) LIMIT ? OFFSET ?
2026-01-26 11:14:00 [[32minfo[39m]: Generated executable code for question aa770d22-ed8e-4fbd-8352-8783ef36f78e, language javascript {"service":"code-execution"}
2026-01-26 11:14:00 [[32minfo[39m] [853ef22f-5c5f-41de-9209-4ecf3306e1d8]: Running test cases {"service":"code-execution","language":"javascript","totalTestCases":8}
🔍 DEBUG: Executing test case with language: javascript
2026-01-26 11:14:00 [[32minfo[39m]: Submitting code to Judge0 {"service":"code-execution","languageId":63}
2026-01-26 11:14:00 [[32minfo[39m]: Polling submission d0514f06-2b91-43f4-bf50-337e50d54fdd {"service":"code-execution"}
2026-01-26 11:14:01 [[32minfo[39m]: Submission d0514f06-2b91-43f4-bf50-337e50d54fdd completed {"service":"code-execution","verdict":"RUNTIME_ERROR"}
🔍 DEBUG: Executing test case with language: javascript
2026-01-26 11:14:01 [[32minfo[39m]: Submitting code to Judge0 {"service":"code-execution","languageId":63}
2026-01-26 11:14:01 [[32minfo[39m]: Polling submission 63d0161b-c747-4f36-9492-ec7175120c1f {"service":"code-execution"}
2026-01-26 11:14:02 [[32minfo[39m]: Submission 63d0161b-c747-4f36-9492-ec7175120c1f completed {"service":"code-execution","verdict":"RUNTIME_ERROR"}
🔍 DEBUG: Executing test case with language: javascript
2026-01-26 11:14:02 [[32minfo[39m]: Submitting code to Judge0 {"service":"code-execution","languageId":63}
2026-01-26 11:14:02 [[32minfo[39m]: Polling submission 2c25b0a2-2b17-4477-a509-d09f2fd9d5fe {"service":"code-execution"}
2026-01-26 11:14:03 [[32minfo[39m]: Submission 2c25b0a2-2b17-4477-a509-d09f2fd9d5fe completed {"service":"code-execution","verdict":"RUNTIME_ERROR"}
🔍 DEBUG: Executing test case with language: javascript
2026-01-26 11:14:03 [[32minfo[39m]: Submitting code to Judge0 {"service":"code-execution","languageId":63}
2026-01-26 11:14:03 [[32minfo[39m]: Polling submission 9882b233-6ca4-4295-9afb-7c96da2ef026 {"service":"code-execution"}
2026-01-26 11:14:04 [[32minfo[39m]: Submission 9882b233-6ca4-4295-9afb-7c96da2ef026 completed {"service":"code-execution","verdict":"RUNTIME_ERROR"}
🔍 DEBUG: Executing test case with language: javascript
2026-01-26 11:14:04 [[32minfo[39m]: Submitting code to Judge0 {"service":"code-execution","languageId":63}
2026-01-26 11:14:04 [[32minfo[39m]: Polling submission 8a686c87-d3f0-4858-a6d1-622b83d0d30c {"service":"code-execution"}
2026-01-26 11:14:05 [[32minfo[39m]: Submission 8a686c87-d3f0-4858-a6d1-622b83d0d30c completed {"service":"code-execution","verdict":"RUNTIME_ERROR"}
🔍 DEBUG: Executing test case with language: javascript
2026-01-26 11:14:05 [[32minfo[39m]: Submitting code to Judge0 {"service":"code-execution","languageId":63}
2026-01-26 11:14:05 [[32minfo[39m]: Polling submission 4afdd03f-ec0e-4e02-be11-972986fc91d6 {"service":"code-execution"}
2026-01-26 11:14:06 [[32minfo[39m]: Submission 4afdd03f-ec0e-4e02-be11-972986fc91d6 completed {"service":"code-execution","verdict":"RUNTIME_ERROR"}
🔍 DEBUG: Executing test case with language: javascript
2026-01-26 11:14:06 [[32minfo[39m]: Submitting code to Judge0 {"service":"code-execution","languageId":63}
2026-01-26 11:14:06 [[32minfo[39m]: Polling submission 1eaebd32-9374-4e87-8cf0-d0e2a5bfa2db {"service":"code-execution"}
2026-01-26 11:14:08 [[32minfo[39m]: Submission 1eaebd32-9374-4e87-8cf0-d0e2a5bfa2db completed {"service":"code-execution","verdict":"RUNTIME_ERROR"}
🔍 DEBUG: Executing test case with language: javascript
2026-01-26 11:14:08 [[32minfo[39m]: Submitting code to Judge0 {"service":"code-execution","languageId":63}
2026-01-26 11:14:08 [[32minfo[39m]: Polling submission 1d6e7bd0-a13b-4af6-9559-278b34c45d4d {"service":"code-execution"}
2026-01-26 11:14:09 [[32minfo[39m]: Submission 1d6e7bd0-a13b-4af6-9559-278b34c45d4d completed {"service":"code-execution","verdict":"RUNTIME_ERROR"}
2026-01-26 11:14:09 [[32minfo[39m] [853ef22f-5c5f-41de-9209-4ecf3306e1d8]: Test cases completed {"service":"code-execution","testsPassed":0,"totalTests":8,"allPassed":false}
prisma:query BEGIN
prisma:query INSERT INTO `dsa_multiplayer`.`Submission` (`id`,`questionId`,`userId`,`teamId`,`code`,`language`,`testsPassed`,`totalTests`,`points`,`executionTime`,`memory`,`submittedAt`,`completedAt`,`mode`,`verdict`) VALUES (?,?,?,?,?,?,?,?,?,?,?,?,?,?,?)
prisma:query SELECT `dsa_multiplayer`.`Submission`.`id`, `dsa_multiplayer`.`Submission`.`questionId`, `dsa_multiplayer`.`Submission`.`userId`, `dsa_multiplayer`.`Submission`.`teamId`, `dsa_multiplayer`.`Submission`.`code`, `dsa_multiplayer`.`Submission`.`language`, `dsa_multiplayer`.`Submission`.`testsPassed`, `dsa_multiplayer`.`Submission`.`totalTests`, `dsa_multiplayer`.`Submission`.`points`, `dsa_multiplayer`.`Submission`.`executionTime`, `dsa_multiplayer`.`Submission`.`memory`, `dsa_multiplayer`.`Submission`.`error`, `dsa_multiplayer`.`Submission`.`submittedAt`, `dsa_multiplayer`.`Submission`.`compileOutput`, `dsa_multiplayer`.`Submission`.`completedAt`, `dsa_multiplayer`.`Submission`.`mode`, `dsa_multiplayer`.`Submission`.`verdict` FROM `dsa_multiplayer`.`Submission` WHERE `dsa_multiplayer`.`Submission`.`id` = ? LIMIT ? OFFSET ?
prisma:query COMMIT
✅ Submit Verified: OK

==================================================
SUMMARY:
Runs: 5 Passed / 0 Failed
Submits: 5 Passed / 0 Failed
==================================================
